/scratch/MPI-LEMON/freesurfer/subjects/sub-032304/mri
/scratch/MPI-LEMON/freesurfer/bin/talairach_avi
--i orig_nu.mgz --xfm transforms/talairach.auto.xfm
talairach_avi 7.4.1
Linux lina 5.15.0-82-generic #91-Ubuntu SMP Mon Aug 14 14:14:14 UTC 2023 x86_64 x86_64 x86_64 GNU/Linux
Mon Sep  4 11:31:51 EDT 2023
mri_convert orig_nu.mgz talsrcimg.img 
reading from orig_nu.mgz...
TR=0.00, TE=0.00, TI=0.00, flip angle=0.00
i_ras = (-1, 0, 0)
j_ras = (0, 0, -1)
k_ras = (0, 1, 0)
writing to talsrcimg.img...
Analyze Output Matrix
-1.00000   0.00000   0.00000   124.96968;
 0.00000   0.00000   1.00000  -134.45157;
 0.00000  -1.00000   0.00000   117.20401;
 0.00000   0.00000   0.00000   1.00000;
--------------------
INFO: set hdr.hist.orient to -1
mpr2mni305 talsrcimg
Mon Sep  4 11:31:54 EDT 2023
/scratch/MPI-LEMON/freesurfer/bin/mpr2mni305 talsrcimg
mpr2mni305 7.4.1
target=711-2C_as_mni_average_305

---------------------------------------------------------------------
analyzeto4dfp talsrcimg -O0 -y
---------------------------------------------------------------------

freesurfer ifh2hdr.c
Mon Sep  4 11:31:54 2023
Writing: talsrcimg.4dfp.hdr
freesurfer analyzeto4dfp.c
Reading: talsrcimg.hdr
header size 348 bytes
hdr.dime.datatype	offset=70	value=2
hdr.dime.bitpix		offset=72	value=8
hdr.hist.orient		offset=252	value=-1
dimensionality     4
dimensions       256       256       256         1
Reading: talsrcimg.img
Writing: talsrcimg.4dfp.img
Writing: talsrcimg.4dfp.ifh
ifh2hdr talsrcimg -r0to255
ori=2

---------------------------------------------------------------------
gauss_4dfp talsrcimg 1.1
---------------------------------------------------------------------

freesurfer gauss_4dfp.c
Reading: talsrcimg.4dfp.img
Writing: talsrcimg_g11.4dfp.img
image dimensions 256 256 256 padded to 288 288 288
processing volume 1freesurfer ifh2hdr.c
Mon Sep  4 11:32:04 2023
Writing: talsrcimg_g11.4dfp.hdr

Writing: talsrcimg_g11.4dfp.ifh
including: talsrcimg.4dfp.img.rec in talsrcimg_g11.4dfp.img.rec

---------------------------------------------------------------------
imgreg_4dfp /scratch/MPI-LEMON/freesurfer/average/711-2C_as_mni_average_305 none talsrcimg_g11 none talsrcimg_to_711-2C_as_mni_average_305_t4 4355
---------------------------------------------------------------------

freesurfer imgreg_4dfp.c
/scratch/MPI-LEMON/freesurfer/average/711-2C_as_mni_average_305.4dfp.img
       256       256       256         1
  1.000000  1.000000  1.000000
orientation T byte_order littleendian
Reading image: /scratch/MPI-LEMON/freesurfer/average/711-2C_as_mni_average_305.4dfp.img
dimensions:      256       256       256
mmppix:       1.0000   -1.0000   -1.0000
center:     128.0000 -129.0000 -129.0000
talsrcimg_g11.4dfp.img
       256       256       256         1
  1.000000  1.000000  1.000000
orientation T byte_order littleendian
Reading image: talsrcimg_g11.4dfp.img
dimensions:      256       256       256
mmppix:       1.0000   -1.0000   -1.0000
center:     128.0000 -129.0000 -129.0000
t4_read: open error in t4_sub.f l:  41 t4_file(1:l)talsrcimg_to_711-2C_as_mni_average_305_t4 
t4_read: transform initialized to I4
rotation matrix determinant  1.000000
image alignment mode   4355 decimal     1103 hex
   -7.5000  -45.0000  -45.0000 9825.5361    5.7110
    0.0000  -45.0000  -45.000010318.3818    5.7148
    7.5000  -45.0000  -45.0000 9987.9502    5.7215
   -7.5000  -37.5000  -45.000010097.4160    5.7223
    0.0000  -37.5000  -45.000010607.3027    5.7267
    7.5000  -37.5000  -45.000010273.5791    5.7343
   -7.5000  -30.0000  -45.000010691.8408    5.6866
    0.0000  -30.0000  -45.000011242.0371    5.6910
    7.5000  -30.0000  -45.000010895.1338    5.6998
   -7.5000  -22.5000  -45.000011242.1074    5.6596
    0.0000  -22.5000  -45.000011839.1670    5.6627
    7.5000  -22.5000  -45.000011452.7920    5.6713
   -7.5000  -15.0000  -45.000011711.8135    5.6316
    0.0000  -15.0000  -45.000012351.2822    5.6341
    7.5000  -15.0000  -45.000011944.0352    5.6418
   -7.5000   -7.5000  -45.000012060.0674    5.6132
    0.0000   -7.5000  -45.000012756.3525    5.6164
    7.5000   -7.5000  -45.000012317.4932    5.6234
   -7.5000    0.0000  -45.000012309.0615    5.6136
    0.0000    0.0000  -45.000013038.5850    5.6176
    7.5000    0.0000  -45.000012583.5420    5.6241
   -7.5000    7.5000  -45.000011679.4746    5.7001
    0.0000    7.5000  -45.000012395.3457    5.7047
    7.5000    7.5000  -45.000011951.5400    5.7124
   -7.5000   15.0000  -45.000011031.0371    5.8245
    0.0000   15.0000  -45.000011687.4541    5.8294
    7.5000   15.0000  -45.000011294.1846    5.8389
   -7.5000   22.5000  -45.000010348.1758    5.9643
    0.0000   22.5000  -45.000010976.6924    5.9682
    7.5000   22.5000  -45.000010613.0898    5.9786
   -7.5000   30.0000  -45.0000 9687.8281    6.0470
    0.0000   30.0000  -45.000010282.0010    6.0504
    7.5000   30.0000  -45.0000 9929.2383    6.0602
   -7.5000   37.5000  -45.0000 9363.2227    6.2348
    0.0000   37.5000  -45.0000 9926.6934    6.2383
    7.5000   37.5000  -45.0000 9584.8818    6.2477
   -7.5000   45.0000  -45.0000 8693.5264    6.2844
    0.0000   45.0000  -45.0000 9181.2217    6.2898
    7.5000   45.0000  -45.0000 8876.9375    6.2994
   -7.5000  -45.0000  -37.500010365.1777    5.7084
    0.0000  -45.0000  -37.500010904.3379    5.7144
    7.5000  -45.0000  -37.500010545.7197    5.7228
   -7.5000  -37.5000  -37.500010653.5986    5.7173
    0.0000  -37.5000  -37.500011212.1465    5.7238
    7.5000  -37.5000  -37.500010848.9014    5.7331
   -7.5000  -30.0000  -37.500011310.8623    5.6818
    0.0000  -30.0000  -37.500011922.8838    5.6881
    7.5000  -30.0000  -37.500011528.2549    5.6979
   -7.5000  -22.5000  -37.500011908.6475    5.6570
    0.0000  -22.5000  -37.500012565.9785    5.6623
    7.5000  -22.5000  -37.500012146.1777    5.6712
   -7.5000  -15.0000  -37.500012368.3799    5.6314
    0.0000  -15.0000  -37.500013085.7031    5.6359
    7.5000  -15.0000  -37.500012640.9375    5.6439
   -7.5000   -7.5000  -37.500012720.4268    5.6128
    0.0000   -7.5000  -37.500013488.9561    5.6180
    7.5000   -7.5000  -37.500013020.0479    5.6259
   -7.5000    0.0000  -37.500012957.3076    5.6112
    0.0000    0.0000  -37.500013751.8125    5.6172
    7.5000    0.0000  -37.500013262.7773    5.6254
   -7.5000    7.5000  -37.500012287.2227    5.6953
    0.0000    7.5000  -37.500013061.5986    5.7019
    7.5000    7.5000  -37.500012589.2334    5.7113
   -7.5000   15.0000  -37.500011609.8066    5.8194
    0.0000   15.0000  -37.500012330.3467    5.8263
    7.5000   15.0000  -37.500011924.6758    5.8367
   -7.5000   22.5000  -37.500010892.3682    5.9626
    0.0000   22.5000  -37.500011587.4326    5.9686
    7.5000   22.5000  -37.500011217.4785    5.9793
   -7.5000   30.0000  -37.500010185.7354    6.0475
    0.0000   30.0000  -37.500010828.7109    6.0529
    7.5000   30.0000  -37.500010472.0127    6.0631
   -7.5000   37.5000  -37.5000 9833.6465    6.2346
    0.0000   37.5000  -37.500010439.4863    6.2399
    7.5000   37.5000  -37.500010086.5537    6.2502
   -7.5000   45.0000  -37.5000 9114.5195    6.2834
    0.0000   45.0000  -37.5000 9652.2949    6.2906
    7.5000   45.0000  -37.5000 9350.7471    6.3015
   -7.5000  -45.0000  -30.000011116.7012    5.9625
    0.0000  -45.0000  -30.000011702.9688    5.9704
    7.5000  -45.0000  -30.000011304.0215    5.9798
   -7.5000  -37.5000  -30.000011451.1328    5.9701
    0.0000  -37.5000  -30.000012081.5195    5.9784
    7.5000  -37.5000  -30.000011663.3916    5.9881
   -7.5000  -30.0000  -30.000012152.4551    5.9337
    0.0000  -30.0000  -30.000012843.0176    5.9418
    7.5000  -30.0000  -30.000012411.5889    5.9508
   -7.5000  -22.5000  -30.000012760.7324    5.9095
    0.0000  -22.5000  -30.000013520.9678    5.9166
    7.5000  -22.5000  -30.000013071.3428    5.9247
   -7.5000  -15.0000  -30.000013232.8574    5.8838
    0.0000  -15.0000  -30.000014071.3779    5.8904
    7.5000  -15.0000  -30.000013605.9854    5.8982
   -7.5000   -7.5000  -30.000013610.7891    5.8640
    0.0000   -7.5000  -30.000014478.4463    5.8712
    7.5000   -7.5000  -30.000013986.4355    5.8796
   -7.5000    0.0000  -30.000013869.3682    5.8608
    0.0000    0.0000  -30.000014747.4912    5.8686
    7.5000    0.0000  -30.000014242.7383    5.8778
   -7.5000    7.5000  -30.000013138.2539    5.9471
    0.0000    7.5000  -30.000014006.2783    5.9555
    7.5000    7.5000  -30.000013512.1885    5.9652
   -7.5000   15.0000  -30.000012420.0566    6.0769
    0.0000   15.0000  -30.000013246.7080    6.0856
    7.5000   15.0000  -30.000012804.7998    6.0951
   -7.5000   22.5000  -30.000011645.7988    6.2276
    0.0000   22.5000  -30.000012439.8535    6.2354
    7.5000   22.5000  -30.000012045.0586    6.2452
   -7.5000   30.0000  -30.000010900.2686    6.3190
    0.0000   30.0000  -30.000011618.0098    6.3265
    7.5000   30.0000  -30.000011250.2793    6.3364
   -7.5000   37.5000  -30.000010508.9854    6.5133
    0.0000   37.5000  -30.000011189.3340    6.5207
    7.5000   37.5000  -30.000010824.4414    6.5315
   -7.5000   45.0000  -30.0000 9729.9844    6.5672
    0.0000   45.0000  -30.000010332.4990    6.5768
    7.5000   45.0000  -30.000010015.2578    6.5882
   -7.5000  -45.0000  -22.500011836.1592    6.1890
    0.0000  -45.0000  -22.500012465.7139    6.1967
    7.5000  -45.0000  -22.500012057.9531    6.2048
   -7.5000  -37.5000  -22.500012208.4395    6.1981
    0.0000  -37.5000  -22.500012898.9326    6.2057
    7.5000  -37.5000  -22.500012459.1572    6.2133
   -7.5000  -30.0000  -22.500012932.7969    6.1608
    0.0000  -30.0000  -22.500013703.8818    6.1682
    7.5000  -30.0000  -22.500013261.2354    6.1749
   -7.5000  -22.5000  -22.500013578.9824    6.1342
    0.0000  -22.5000  -22.500014447.5791    6.1411
    7.5000  -22.5000  -22.500013972.9912    6.1476
   -7.5000  -15.0000  -22.500014120.0488    6.1060
    0.0000  -15.0000  -22.500015066.9980    6.1128
    7.5000  -15.0000  -22.500014577.9365    6.1197
   -7.5000   -7.5000  -22.500014549.0547    6.0854
    0.0000   -7.5000  -22.500015515.2139    6.0927
    7.5000   -7.5000  -22.500015002.8271    6.1003
   -7.5000    0.0000  -22.500014812.0977    6.0831
    0.0000    0.0000  -22.500015788.2842    6.0907
    7.5000    0.0000  -22.500015249.3701    6.0985
   -7.5000    7.5000  -22.500014006.2012    6.1742
    0.0000    7.5000  -22.500014938.3330    6.1819
    7.5000    7.5000  -22.500014434.0820    6.1895
   -7.5000   15.0000  -22.500013236.9902    6.3092
    0.0000   15.0000  -22.500014152.0332    6.3172
    7.5000   15.0000  -22.500013707.4902    6.3242
   -7.5000   22.5000  -22.500012422.6826    6.4625
    0.0000   22.5000  -22.500013293.6631    6.4700
    7.5000   22.5000  -22.500012896.5332    6.4781
   -7.5000   30.0000  -22.500011619.4131    6.5577
    0.0000   30.0000  -22.500012397.6963    6.5652
    7.5000   30.0000  -22.500012037.3555    6.5740
   -7.5000   37.5000  -22.500011207.0898    6.7591
    0.0000   37.5000  -22.500011918.3857    6.7670
    7.5000   37.5000  -22.500011569.1504    6.7769
   -7.5000   45.0000  -22.500010383.6494    6.8190
    0.0000   45.0000  -22.500011019.4697    6.8293
    7.5000   45.0000  -22.500010708.6426    6.8391
   -7.5000  -45.0000  -15.000012451.3154    6.3466
    0.0000  -45.0000  -15.000013120.9883    6.3527
    7.5000  -45.0000  -15.000012692.1504    6.3591
   -7.5000  -37.5000  -15.000012831.4492    6.3587
    0.0000  -37.5000  -15.000013568.6396    6.3646
    7.5000  -37.5000  -15.000013122.6885    6.3705
   -7.5000  -30.0000  -15.000013601.8418    6.3204
    0.0000  -30.0000  -15.000014431.7490    6.3259
    7.5000  -30.0000  -15.000013973.9326    6.3316
   -7.5000  -22.5000  -15.000014294.7900    6.2903
    0.0000  -22.5000  -15.000015242.7070    6.2952
    7.5000  -22.5000  -15.000014753.4873    6.3012
   -7.5000  -15.0000  -15.000014920.8291    6.2585
    0.0000  -15.0000  -15.000015933.9482    6.2635
    7.5000  -15.0000  -15.000015441.3711    6.2702
   -7.5000   -7.5000  -15.000015463.8076    6.2376
    0.0000   -7.5000  -15.000016479.2383    6.2434
    7.5000   -7.5000  -15.000015947.9014    6.2502
   -7.5000    0.0000  -15.000015758.1797    6.2378
    0.0000    0.0000  -15.000016767.2676    6.2438
    7.5000    0.0000  -15.000016232.3848    6.2501
   -7.5000    7.5000  -15.000014889.9590    6.3341
    0.0000    7.5000  -15.000015828.7207    6.3401
    7.5000    7.5000  -15.000015339.8535    6.3460
   -7.5000   15.0000  -15.000014075.6953    6.4728
    0.0000   15.0000  -15.000014997.7520    6.4790
    7.5000   15.0000  -15.000014573.9307    6.4848
   -7.5000   22.5000  -15.000013219.5352    6.6255
    0.0000   22.5000  -15.000014100.2500    6.6310
    7.5000   22.5000  -15.000013729.5078    6.6385
   -7.5000   30.0000  -15.000012338.3408    6.7214
    0.0000   30.0000  -15.000013154.6250    6.7271
    7.5000   30.0000  -15.000012810.9668    6.7356
   -7.5000   37.5000  -15.000011920.4111    6.9287
    0.0000   37.5000  -15.000012672.5283    6.9353
    7.5000   37.5000  -15.000012339.9883    6.9441
   -7.5000   45.0000  -15.000011053.6641    6.9942
    0.0000   45.0000  -15.000011753.0703    7.0034
    7.5000   45.0000  -15.000011433.1885    7.0118
   -7.5000  -45.0000   -7.500013020.5342    6.4012
    0.0000  -45.0000   -7.500013767.4727    6.4056
    7.5000  -45.0000   -7.500013331.0908    6.4116
   -7.5000  -37.5000   -7.500013396.3467    6.4149
    0.0000  -37.5000   -7.500014207.2354    6.4196
    7.5000  -37.5000   -7.500013770.5791    6.4258
   -7.5000  -30.0000   -7.500014231.9180    6.3756
    0.0000  -30.0000   -7.500015102.9229    6.3800
    7.5000  -30.0000   -7.500014639.5068    6.3872
   -7.5000  -22.5000   -7.500014997.4863    6.3441
    0.0000  -22.5000   -7.500015967.5225    6.3473
    7.5000  -22.5000   -7.500015499.3857    6.3547
   -7.5000  -15.0000   -7.500015726.2539    6.3112
    0.0000  -15.0000   -7.500016745.7383    6.3141
    7.5000  -15.0000   -7.500016289.8076    6.3214
   -7.5000   -7.5000   -7.500016405.5352    6.2904
    0.0000   -7.5000   -7.500017474.5664    6.2941
    7.5000   -7.5000   -7.500016984.8809    6.3009
   -7.5000    0.0000   -7.500016857.0469    6.2918
    0.0000    0.0000   -7.500017920.9629    6.2961
    7.5000    0.0000   -7.500017451.4980    6.3020
   -7.5000    7.5000   -7.500015959.4863    6.3901
    0.0000    7.5000   -7.500016915.6309    6.3949
    7.5000    7.5000   -7.500016518.8848    6.4012
   -7.5000   15.0000   -7.500015018.0439    6.5299
    0.0000   15.0000   -7.500015977.8779    6.5348
    7.5000   15.0000   -7.500015597.9766    6.5424
   -7.5000   22.5000   -7.500014052.0156    6.6820
    0.0000   22.5000   -7.500015018.1436    6.6859
    7.5000   22.5000   -7.500014621.2539    6.6950
   -7.5000   30.0000   -7.500013078.9727    6.7780
    0.0000   30.0000   -7.500014009.9424    6.7818
    7.5000   30.0000   -7.500013633.3389    6.7912
   -7.5000   37.5000   -7.500012633.4678    6.9881
    0.0000   37.5000   -7.500013492.1377    6.9925
    7.5000   37.5000   -7.500013118.6211    7.0016
   -7.5000   45.0000   -7.500011705.4170    7.0567
    0.0000   45.0000   -7.500012494.1865    7.0637
    7.5000   45.0000   -7.500012147.9277    7.0726
   -7.5000  -45.0000    0.000013494.2158    6.3900
    0.0000  -45.0000    0.000014258.4619    6.3943
    7.5000  -45.0000    0.000013847.5557    6.4013
   -7.5000  -37.5000    0.000013867.7588    6.4027
    0.0000  -37.5000    0.000014702.5811    6.4076
    7.5000  -37.5000    0.000014279.8545    6.4157
   -7.5000  -30.0000    0.000014733.2021    6.3627
    0.0000  -30.0000    0.000015643.1807    6.3676
    7.5000  -30.0000    0.000015202.6758    6.3770
   -7.5000  -22.5000    0.000015542.6074    6.3324
    0.0000  -22.5000    0.000016540.5898    6.3360
    7.5000  -22.5000    0.000016101.0811    6.3451
   -7.5000  -15.0000    0.000016318.7676    6.3012
    0.0000  -15.0000    0.000017464.9727    6.3040
    7.5000  -15.0000    0.000017031.3770    6.3122
   -7.5000   -7.5000    0.000017132.9746    6.2806
    0.0000   -7.5000    0.000018483.1309    6.2842
    7.5000   -7.5000    0.000017985.7598    6.2915
   -7.5000    0.0000    0.000017744.2812    6.2810
    0.0000    0.0000    0.000019230.6562    6.2855
    7.5000    0.0000    0.000018719.9746    6.2923
   -7.5000    7.5000    0.000016849.2207    6.3779
    0.0000    7.5000    0.000018206.9629    6.3830
    7.5000    7.5000    0.000017749.4609    6.3912
   -7.5000   15.0000    0.000015756.7803    6.5171
    0.0000   15.0000    0.000017003.7246    6.5225
    7.5000   15.0000    0.000016576.3359    6.5327
   -7.5000   22.5000    0.000014625.2295    6.6714
    0.0000   22.5000    0.000015756.8408    6.6758
    7.5000   22.5000    0.000015360.3926    6.6869
   -7.5000   30.0000    0.000013565.4053    6.7687
    0.0000   30.0000    0.000014607.6182    6.7726
    7.5000   30.0000    0.000014232.1348    6.7832
   -7.5000   37.5000    0.000013099.6719    6.9790
    0.0000   37.5000    0.000014048.8115    6.9829
    7.5000   37.5000    0.000013652.4102    6.9930
   -7.5000   45.0000    0.000012159.6270    7.0483
    0.0000   45.0000    0.000013037.9248    7.0545
    7.5000   45.0000    0.000012646.5225    7.0648
   -7.5000  -45.0000    7.500012946.5078    6.3873
    0.0000  -45.0000    7.500013669.5732    6.3940
    7.5000  -45.0000    7.500013267.7686    6.4031
   -7.5000  -37.5000    7.500013297.5977    6.3973
    0.0000  -37.5000    7.500014075.4688    6.4046
    7.5000  -37.5000    7.500013663.5889    6.4147
   -7.5000  -30.0000    7.500014115.2217    6.3575
    0.0000  -30.0000    7.500015015.4297    6.3647
    7.5000  -30.0000    7.500014584.0781    6.3752
   -7.5000  -22.5000    7.500014886.4893    6.3298
    0.0000  -22.5000    7.500015938.2988    6.3357
    7.5000  -22.5000    7.500015515.9824    6.3453
   -7.5000  -15.0000    7.500015586.1221    6.3011
    0.0000  -15.0000    7.500016912.0156    6.3062
    7.5000  -15.0000    7.500016475.6953    6.3148
   -7.5000   -7.5000    7.500016352.4648    6.2803
    0.0000   -7.5000    7.500017982.3730    6.2862
    7.5000   -7.5000    7.500017496.8828    6.2946
   -7.5000    0.0000    7.500016934.3145    6.2785
    0.0000    0.0000    7.500018711.9375    6.2853
    7.5000    0.0000    7.500018184.0469    6.2941
   -7.5000    7.5000    7.500016063.0889    6.3726
    0.0000    7.5000    7.500017617.3008    6.3801
    7.5000    7.5000    7.500017112.9141    6.3902
   -7.5000   15.0000    7.500015004.9971    6.5116
    0.0000   15.0000    7.500016316.2988    6.5193
    7.5000   15.0000    7.500015874.7373    6.5306
   -7.5000   22.5000    7.500013926.8271    6.6697
    0.0000   22.5000    7.500015110.0146    6.6763
    7.5000   22.5000    7.500014731.8535    6.6880
   -7.5000   30.0000    7.500012941.9590    6.7695
    0.0000   30.0000    7.500014013.5469    6.7756
    7.5000   30.0000    7.500013684.2744    6.7866
   -7.5000   37.5000    7.500012505.4512    6.9790
    0.0000   37.5000    7.500013445.4453    6.9848
    7.5000   37.5000    7.500013102.5850    6.9961
   -7.5000   45.0000    7.500011629.1719    7.0474
    0.0000   45.0000    7.500012470.5938    7.0554
    7.5000   45.0000    7.500012126.6250    7.0675
   -7.5000  -45.0000   15.000012329.0195    6.4064
    0.0000  -45.0000   15.000013025.6689    6.4148
    7.5000  -45.0000   15.000012634.8301    6.4248
   -7.5000  -37.5000   15.000012651.9414    6.4144
    0.0000  -37.5000   15.000013412.9805    6.4233
    7.5000  -37.5000   15.000013001.3506    6.4336
   -7.5000  -30.0000   15.000013397.2158    6.3752
    0.0000  -30.0000   15.000014303.9502    6.3839
    7.5000  -30.0000   15.000013888.8477    6.3934
   -7.5000  -22.5000   15.000014088.9004    6.3491
    0.0000  -22.5000   15.000015162.6885    6.3567
    7.5000  -22.5000   15.000014732.4082    6.3653
   -7.5000  -15.0000   15.000014667.2979    6.3216
    0.0000  -15.0000   15.000015993.9590    6.3287
    7.5000  -15.0000   15.000015585.7734    6.3369
   -7.5000   -7.5000   15.000015287.8467    6.3004
    0.0000   -7.5000   15.000016857.3926    6.3082
    7.5000   -7.5000   15.000016460.9316    6.3170
   -7.5000    0.0000   15.000015780.5615    6.2971
    0.0000    0.0000   15.000017426.8438    6.3055
    7.5000    0.0000   15.000016998.4961    6.3152
   -7.5000    7.5000   15.000014973.7979    6.3898
    0.0000    7.5000   15.000016336.4473    6.3988
    7.5000    7.5000   15.000015902.0918    6.4091
   -7.5000   15.0000   15.000014018.3877    6.5291
    0.0000   15.0000   15.000015191.1279    6.5383
    7.5000   15.0000   15.000014792.0000    6.5485
   -7.5000   22.5000   15.000013060.3154    6.6894
    0.0000   22.5000   15.000014160.6553    6.6977
    7.5000   22.5000   15.000013826.4668    6.7081
   -7.5000   30.0000   15.000012162.1299    6.7911
    0.0000   30.0000   15.000013182.0986    6.7991
    7.5000   30.0000   15.000012891.9932    6.8096
   -7.5000   37.5000   15.000011747.5469    7.0001
    0.0000   37.5000   15.000012659.3818    7.0080
    7.5000   37.5000   15.000012351.7432    7.0195
   -7.5000   45.0000   15.000010920.2168    7.0676
    0.0000   45.0000   15.000011748.1904    7.0778
    7.5000   45.0000   15.000011432.1582    7.0901
   -7.5000  -45.0000   22.500011618.0791    6.4784
    0.0000  -45.0000   22.500012320.6104    6.4866
    7.5000  -45.0000   22.500011915.8242    6.4950
   -7.5000  -37.5000   22.500011885.4316    6.4876
    0.0000  -37.5000   22.500012634.4141    6.4957
    7.5000  -37.5000   22.500012220.3115    6.5036
   -7.5000  -30.0000   22.500012556.0557    6.4483
    0.0000  -30.0000   22.500013418.9951    6.4561
    7.5000  -30.0000   22.500012990.7949    6.4631
   -7.5000  -22.5000   22.500013150.4902    6.4203
    0.0000  -22.5000   22.500014162.2334    6.4275
    7.5000  -22.5000   22.500013736.2432    6.4343
   -7.5000  -15.0000   22.500013673.7686    6.3907
    0.0000  -15.0000   22.500014876.6396    6.3978
    7.5000  -15.0000   22.500014485.8711    6.4051
   -7.5000   -7.5000   22.500014213.6855    6.3692
    0.0000   -7.5000   22.500015593.0029    6.3769
    7.5000   -7.5000   22.500015216.5000    6.3850
   -7.5000    0.0000   22.500014646.1865    6.3670
    0.0000    0.0000   22.500016006.7607    6.3750
    7.5000    0.0000   22.500015588.6826    6.3833
   -7.5000    7.5000   22.500013877.2979    6.4627
    0.0000    7.5000   22.500014981.6709    6.4708
    7.5000    7.5000   22.500014573.7041    6.4788
   -7.5000   15.0000   22.500013013.8311    6.6046
    0.0000   15.0000   22.500014015.7012    6.6130
    7.5000   15.0000   22.500013645.9766    6.6203
   -7.5000   22.5000   22.500012152.8525    6.7649
    0.0000   22.5000   22.500013126.4258    6.7727
    7.5000   22.5000   22.500012786.7148    6.7812
   -7.5000   30.0000   22.500011349.3545    6.8677
    0.0000   30.0000   22.500012246.6680    6.8756
    7.5000   30.0000   22.500011949.6016    6.8849
   -7.5000   37.5000   22.500010959.5771    7.0805
    0.0000   37.5000   22.500011777.5059    7.0888
    7.5000   37.5000   22.500011489.7178    7.0992
   -7.5000   45.0000   22.500010192.8516    7.1506
    0.0000   45.0000   22.500010955.0166    7.1614
    7.5000   45.0000   22.500010661.2461    7.1718
   -7.5000  -45.0000   30.000010791.0879    6.5813
    0.0000  -45.0000   30.000011482.1562    6.5876
    7.5000  -45.0000   30.000011081.7021    6.5947
   -7.5000  -37.5000   30.000011027.4189    6.5930
    0.0000  -37.5000   30.000011743.6484    6.5991
    7.5000  -37.5000   30.000011322.2852    6.6058
   -7.5000  -30.0000   30.000011648.6689    6.5527
    0.0000  -30.0000   30.000012440.5449    6.5585
    7.5000  -30.0000   30.000012016.3193    6.5651
   -7.5000  -22.5000   30.000012195.3633    6.5217
    0.0000  -22.5000   30.000013088.7900    6.5269
    7.5000  -22.5000   30.000012667.6523    6.5337
   -7.5000  -15.0000   30.000012697.8145    6.4888
    0.0000  -15.0000   30.000013737.3184    6.4940
    7.5000  -15.0000   30.000013322.8584    6.5014
   -7.5000   -7.5000   30.000013194.3438    6.4668
    0.0000   -7.5000   30.000014331.6279    6.4728
    7.5000   -7.5000   30.000013918.7812    6.4803
   -7.5000    0.0000   30.000013557.0225    6.4667
    0.0000    0.0000   30.000014634.5303    6.4729
    7.5000    0.0000   30.000014183.6299    6.4799
   -7.5000    7.5000   30.000012845.9951    6.5675
    0.0000    7.5000   30.000013726.1445    6.5738
    7.5000    7.5000   30.000013300.8350    6.5806
   -7.5000   15.0000   30.000012052.0537    6.7137
    0.0000   15.0000   30.000012881.7637    6.7202
    7.5000   15.0000   30.000012514.7275    6.7269
   -7.5000   22.5000   30.000011262.1543    6.8747
    0.0000   22.5000   30.000012074.5225    6.8805
    7.5000   22.5000   30.000011759.5635    6.8890
   -7.5000   30.0000   30.000010528.4688    6.9790
    0.0000   30.0000   30.000011280.4951    6.9851
    7.5000   30.0000   30.000010984.4805    6.9945
   -7.5000   37.5000   30.000010187.1982    7.1990
    0.0000   37.5000   30.000010889.4365    7.2058
    7.5000   37.5000   30.000010579.8262    7.2156
   -7.5000   45.0000   30.0000 9482.0859    7.2740
    0.0000   45.0000   30.000010127.8135    7.2836
    7.5000   45.0000   30.0000 9838.3457    7.2931
   -7.5000  -45.0000   37.500010405.5967    6.6982
    0.0000  -45.0000   37.500011078.4307    6.7029
    7.5000  -45.0000   37.500010662.2461    6.7100
   -7.5000  -37.5000   37.500010653.1328    6.7118
    0.0000  -37.5000   37.500011332.0234    6.7169
    7.5000  -37.5000   37.500010888.3633    6.7243
   -7.5000  -30.0000   37.500011261.0615    6.6697
    0.0000  -30.0000   37.500011986.5469    6.6744
    7.5000  -30.0000   37.500011534.5674    6.6829
   -7.5000  -22.5000   37.500011776.7734    6.6362
    0.0000  -22.5000   37.500012586.5830    6.6398
    7.5000  -22.5000   37.500012140.9395    6.6483
   -7.5000  -15.0000   37.500012238.9951    6.6011
    0.0000  -15.0000   37.500013170.9600    6.6043
    7.5000  -15.0000   37.500012725.2520    6.6126
   -7.5000   -7.5000   37.500012696.9395    6.5787
    0.0000   -7.5000   37.500013687.8047    6.5828
    7.5000   -7.5000   37.500013237.0576    6.5905
   -7.5000    0.0000   37.500013014.8672    6.5800
    0.0000    0.0000   37.500013931.9043    6.5847
    7.5000    0.0000   37.500013450.5693    6.5917
   -7.5000    7.5000   37.500012314.6826    6.6858
    0.0000    7.5000   37.500013088.2178    6.6909
    7.5000    7.5000   37.500012649.1006    6.6985
   -7.5000   15.0000   37.500011576.9385    6.8370
    0.0000   15.0000   37.500012306.9980    6.8424
    7.5000   15.0000   37.500011933.0869    6.8513
   -7.5000   22.5000   37.500010835.1455    7.0026
    0.0000   22.5000   37.500011547.0820    7.0070
    7.5000   22.5000   37.500011213.4736    7.0174
   -7.5000   30.0000   37.500010129.7598    7.1109
    0.0000   30.0000   37.500010803.6602    7.1152
    7.5000   30.0000   37.500010490.1318    7.1258
   -7.5000   37.5000   37.5000 9790.8770    7.3405
    0.0000   37.5000   37.500010434.1777    7.3454
    7.5000   37.5000   37.500010118.9199    7.3558
   -7.5000   45.0000   37.5000 9108.6748    7.4237
    0.0000   45.0000   37.5000 9700.9805    7.4315
    7.5000   45.0000   37.5000 9402.8809    7.4419
   -7.5000  -45.0000   45.0000 9652.4678    6.8232
    0.0000  -45.0000   45.000010254.0371    6.8286
    7.5000  -45.0000   45.0000 9848.8486    6.8356
   -7.5000  -37.5000   45.0000 9876.2480    6.8347
    0.0000  -37.5000   45.000010488.7422    6.8406
    7.5000  -37.5000   45.000010060.2930    6.8490
   -7.5000  -30.0000   45.000010409.1299    6.7895
    0.0000  -30.0000   45.000011062.8799    6.7954
    7.5000  -30.0000   45.000010627.9717    6.8052
   -7.5000  -22.5000   45.000010883.0312    6.7567
    0.0000  -22.5000   45.000011605.8613    6.7615
    7.5000  -22.5000   45.000011151.3545    6.7706
   -7.5000  -15.0000   45.000011286.1123    6.7231
    0.0000  -15.0000   45.000012106.5303    6.7273
    7.5000  -15.0000   45.000011652.5918    6.7351
   -7.5000   -7.5000   45.000011680.6006    6.7005
    0.0000   -7.5000   45.000012514.3525    6.7054
    7.5000   -7.5000   45.000012082.2852    6.7124
   -7.5000    0.0000   45.000011944.9824    6.7003
    0.0000    0.0000   45.000012711.8623    6.7058
    7.5000    0.0000   45.000012281.1816    6.7126
   -7.5000    7.5000   45.000011291.5000    6.8080
    0.0000    7.5000   45.000011975.6426    6.8141
    7.5000    7.5000   45.000011570.7090    6.8225
   -7.5000   15.0000   45.000010620.8516    6.9648
    0.0000   15.0000   45.000011268.4902    6.9714
    7.5000   15.0000   45.000010914.9893    6.9820
   -7.5000   22.5000   45.0000 9959.3242    7.1415
    0.0000   22.5000   45.000010583.3105    7.1474
    7.5000   22.5000   45.000010251.3018    7.1586
   -7.5000   30.0000   45.0000 9320.1787    7.2596
    0.0000   30.0000   45.0000 9901.6885    7.2653
    7.5000   30.0000   45.0000 9603.3936    7.2755
   -7.5000   37.5000   45.0000 8999.8115    7.5019
    0.0000   37.5000   45.0000 9561.0225    7.5075
    7.5000   37.5000   45.0000 9280.8086    7.5172
   -7.5000   45.0000   45.0000 8394.4912    7.5985
    0.0000   45.0000   45.0000 8897.4385    7.6062
    7.5000   45.0000   45.0000 8622.2676    7.6167

---------------------------------------------------------------------
imgreg_4dfp /scratch/MPI-LEMON/freesurfer/average/711-2C_as_mni_average_305 /scratch/MPI-LEMON/freesurfer/average/711-2B_as_mni_average_305_mask talsrcimg_g11 none talsrcimg_to_711-2C_as_mni_average_305_t4 4355
---------------------------------------------------------------------

freesurfer imgreg_4dfp.c
/scratch/MPI-LEMON/freesurfer/average/711-2C_as_mni_average_305.4dfp.img
       256       256       256         1
  1.000000  1.000000  1.000000
orientation T byte_order littleendian
Reading image: /scratch/MPI-LEMON/freesurfer/average/711-2C_as_mni_average_305.4dfp.img
dimensions:      256       256       256
mmppix:       1.0000   -1.0000   -1.0000
center:     128.0000 -129.0000 -129.0000
/scratch/MPI-LEMON/freesurfer/average/711-2B_as_mni_average_305_mask.4dfp.img
       256       256       256         1
  1.000000  1.000000  1.000000
orientation T byte_order littleendian
Reading mask: /scratch/MPI-LEMON/freesurfer/average/711-2B_as_mni_average_305_mask.4dfp.img (2306576 pixels)
talsrcimg_g11.4dfp.img
       256       256       256         1
  1.000000  1.000000  1.000000
orientation T byte_order littleendian
Reading image: talsrcimg_g11.4dfp.img
dimensions:      256       256       256
mmppix:       1.0000   -1.0000   -1.0000
center:     128.0000 -129.0000 -129.0000
rotation matrix determinant  1.000000
image alignment mode   4355 decimal     1103 hex
   -7.5000  -45.0000  -45.0000 2413.5088    8.0895
    0.0000  -45.0000  -45.0000 2444.7717    7.9479
    7.5000  -45.0000  -45.0000 2439.6008    7.9502
   -7.5000  -37.5000  -45.0000 2448.2739    7.9179
    0.0000  -37.5000  -45.0000 2478.2156    7.7879
    7.5000  -37.5000  -45.0000 2472.6475    7.7912
   -7.5000  -30.0000  -45.0000 2475.2625    7.7386
    0.0000  -30.0000  -45.0000 2505.9048    7.6287
    7.5000  -30.0000  -45.0000 2498.6316    7.6322
   -7.5000  -22.5000  -45.0000 2496.5337    7.6125
    0.0000  -22.5000  -45.0000 2529.2041    7.5081
    7.5000  -22.5000  -45.0000 2518.4324    7.5015
   -7.5000  -15.0000  -45.0000 2507.3936    7.5153
    0.0000  -15.0000  -45.0000 2541.3401    7.4088
    7.5000  -15.0000  -45.0000 2529.0874    7.4121
   -7.5000   -7.5000  -45.0000 2507.5850    7.4599
    0.0000   -7.5000  -45.0000 2540.8782    7.3606
    7.5000   -7.5000  -45.0000 2526.9800    7.3693
   -7.5000    0.0000  -45.0000 2506.8579    7.4554
    0.0000    0.0000  -45.0000 2538.0024    7.3549
    7.5000    0.0000  -45.0000 2524.7078    7.3609
   -7.5000    7.5000  -45.0000 2500.6790    7.5310
    0.0000    7.5000  -45.0000 2532.0378    7.4382
    7.5000    7.5000  -45.0000 2517.7981    7.4467
   -7.5000   15.0000  -45.0000 2480.7554    7.7170
    0.0000   15.0000  -45.0000 2509.6514    7.6167
    7.5000   15.0000  -45.0000 2496.3193    7.6253
   -7.5000   22.5000  -45.0000 2441.6450    7.9865
    0.0000   22.5000  -45.0000 2472.6858    7.8823
    7.5000   22.5000  -45.0000 2461.3604    7.8836
   -7.5000   30.0000  -45.0000 2387.6794    8.3399
    0.0000   30.0000  -45.0000 2423.7241    8.2243
    7.5000   30.0000  -45.0000 2407.2495    8.2329
   -7.5000   37.5000  -45.0000 2317.1526    8.8235
    0.0000   37.5000  -45.0000 2350.8796    8.6935
    7.5000   37.5000  -45.0000 2334.1646    8.7109
   -7.5000   45.0000  -45.0000 2223.2939    9.5039
    0.0000   45.0000  -45.0000 2256.1704    9.3629
    7.5000   45.0000  -45.0000 2243.2803    9.3872
   -7.5000  -45.0000  -37.5000 2497.8650    7.5194
    0.0000  -45.0000  -37.5000 2527.8098    7.3864
    7.5000  -45.0000  -37.5000 2525.3000    7.3860
   -7.5000  -37.5000  -37.5000 2530.2266    7.3464
    0.0000  -37.5000  -37.5000 2562.1909    7.2330
    7.5000  -37.5000  -37.5000 2561.0176    7.2346
   -7.5000  -30.0000  -37.5000 2565.0369    7.1973
    0.0000  -30.0000  -37.5000 2598.2637    7.0944
    7.5000  -30.0000  -37.5000 2592.2217    7.0895
   -7.5000  -22.5000  -37.5000 2589.0852    7.0851
    0.0000  -22.5000  -37.5000 2621.7351    6.9781
    7.5000  -22.5000  -37.5000 2614.2842    6.9680
   -7.5000  -15.0000  -37.5000 2594.7122    6.9943
    0.0000  -15.0000  -37.5000 2628.0029    6.8990
    7.5000  -15.0000  -37.5000 2618.6628    6.8848
   -7.5000   -7.5000  -37.5000 2594.0349    6.9368
    0.0000   -7.5000  -37.5000 2629.2107    6.8663
    7.5000   -7.5000  -37.5000 2617.4189    6.8575
   -7.5000    0.0000  -37.5000 2591.0803    6.9282
    0.0000    0.0000  -37.5000 2624.2915    6.8507
    7.5000    0.0000  -37.5000 2610.5696    6.8567
   -7.5000    7.5000  -37.5000 2586.0894    6.9907
    0.0000    7.5000  -37.5000 2620.2534    6.9142
    7.5000    7.5000  -37.5000 2607.2717    6.9217
   -7.5000   15.0000  -37.5000 2568.0735    7.1575
    0.0000   15.0000  -37.5000 2600.6262    7.0762
    7.5000   15.0000  -37.5000 2591.0967    7.0751
   -7.5000   22.5000  -37.5000 2533.4683    7.4105
    0.0000   22.5000  -37.5000 2572.1179    7.3246
    7.5000   22.5000  -37.5000 2560.6125    7.3303
   -7.5000   30.0000  -37.5000 2475.3816    7.7429
    0.0000   30.0000  -37.5000 2513.4067    7.6527
    7.5000   30.0000  -37.5000 2500.7153    7.6641
   -7.5000   37.5000  -37.5000 2401.0298    8.1896
    0.0000   37.5000  -37.5000 2439.9248    8.0770
    7.5000   37.5000  -37.5000 2426.7859    8.0981
   -7.5000   45.0000  -37.5000 2306.6519    8.8130
    0.0000   45.0000  -37.5000 2341.6924    8.6694
    7.5000   45.0000  -37.5000 2332.4253    8.6931
   -7.5000  -45.0000  -30.0000 2622.1780    7.2706
    0.0000  -45.0000  -30.0000 2658.6982    7.1404
    7.5000  -45.0000  -30.0000 2659.9980    7.1327
   -7.5000  -37.5000  -30.0000 2664.7925    7.1048
    0.0000  -37.5000  -30.0000 2700.1462    6.9955
    7.5000  -37.5000  -30.0000 2697.2603    6.9817
   -7.5000  -30.0000  -30.0000 2695.9094    6.9666
    0.0000  -30.0000  -30.0000 2731.1660    6.8679
    7.5000  -30.0000  -30.0000 2725.9026    6.8497
   -7.5000  -22.5000  -30.0000 2709.1960    6.8446
    0.0000  -22.5000  -30.0000 2745.8962    6.7421
    7.5000  -22.5000  -30.0000 2739.6069    6.7219
   -7.5000  -15.0000  -30.0000 2714.6106    6.7342
    0.0000  -15.0000  -30.0000 2752.2617    6.6466
    7.5000  -15.0000  -30.0000 2746.3899    6.6317
   -7.5000   -7.5000  -30.0000 2718.6567    6.6833
    0.0000   -7.5000  -30.0000 2756.8501    6.6029
    7.5000   -7.5000  -30.0000 2747.2639    6.5890
   -7.5000    0.0000  -30.0000 2718.7666    6.6686
    0.0000    0.0000  -30.0000 2752.9802    6.5913
    7.5000    0.0000  -30.0000 2742.9797    6.5928
   -7.5000    7.5000  -30.0000 2716.5308    6.7223
    0.0000    7.5000  -30.0000 2755.6736    6.6502
    7.5000    7.5000  -30.0000 2743.1089    6.6503
   -7.5000   15.0000  -30.0000 2703.7532    6.8932
    0.0000   15.0000  -30.0000 2742.4622    6.8101
    7.5000   15.0000  -30.0000 2734.4165    6.8056
   -7.5000   22.5000  -30.0000 2669.8865    7.1432
    0.0000   22.5000  -30.0000 2712.2473    7.0603
    7.5000   22.5000  -30.0000 2703.9431    7.0548
   -7.5000   30.0000  -30.0000 2613.5957    7.4672
    0.0000   30.0000  -30.0000 2653.8591    7.3850
    7.5000   30.0000  -30.0000 2646.3125    7.3882
   -7.5000   37.5000  -30.0000 2530.4021    7.9075
    0.0000   37.5000  -30.0000 2573.9106    7.7978
    7.5000   37.5000  -30.0000 2565.3552    7.8123
   -7.5000   45.0000  -30.0000 2427.5874    8.4947
    0.0000   45.0000  -30.0000 2469.2734    8.3743
    7.5000   45.0000  -30.0000 2462.5413    8.3786
   -7.5000  -45.0000  -22.5000 2716.9778    7.0099
    0.0000  -45.0000  -22.5000 2754.6409    6.8813
    7.5000  -45.0000  -22.5000 2758.3118    6.8542
   -7.5000  -37.5000  -22.5000 2754.5378    6.8530
    0.0000  -37.5000  -22.5000 2795.6267    6.7434
    7.5000  -37.5000  -22.5000 2794.2769    6.7159
   -7.5000  -30.0000  -22.5000 2777.2620    6.7086
    0.0000  -30.0000  -22.5000 2817.2361    6.6044
    7.5000  -30.0000  -22.5000 2816.8499    6.5873
   -7.5000  -22.5000  -22.5000 2785.5525    6.5701
    0.0000  -22.5000  -22.5000 2831.7600    6.4771
    7.5000  -22.5000  -22.5000 2825.3872    6.4516
   -7.5000  -15.0000  -22.5000 2798.3567    6.4618
    0.0000  -15.0000  -22.5000 2841.9814    6.3740
    7.5000  -15.0000  -22.5000 2836.9707    6.3635
   -7.5000   -7.5000  -22.5000 2806.9805    6.4029
    0.0000   -7.5000  -22.5000 2851.6833    6.3122
    7.5000   -7.5000  -22.5000 2844.6931    6.3013
   -7.5000    0.0000  -22.5000 2811.8816    6.3905
    0.0000    0.0000  -22.5000 2856.1643    6.2914
    7.5000    0.0000  -22.5000 2843.1160    6.2928
   -7.5000    7.5000  -22.5000 2812.8525    6.4242
    0.0000    7.5000  -22.5000 2852.2983    6.3378
    7.5000    7.5000  -22.5000 2840.4902    6.3398
   -7.5000   15.0000  -22.5000 2804.0740    6.6108
    0.0000   15.0000  -22.5000 2846.5579    6.5178
    7.5000   15.0000  -22.5000 2842.7104    6.5100
   -7.5000   22.5000  -22.5000 2771.9055    6.8600
    0.0000   22.5000  -22.5000 2819.6345    6.7680
    7.5000   22.5000  -22.5000 2816.1880    6.7628
   -7.5000   30.0000  -22.5000 2717.6514    7.1721
    0.0000   30.0000  -22.5000 2761.0928    7.0811
    7.5000   30.0000  -22.5000 2759.2910    7.0797
   -7.5000   37.5000  -22.5000 2633.9282    7.5934
    0.0000   37.5000  -22.5000 2677.7612    7.4880
    7.5000   37.5000  -22.5000 2673.9561    7.5024
   -7.5000   45.0000  -22.5000 2527.2568    8.1709
    0.0000   45.0000  -22.5000 2566.3635    8.0501
    7.5000   45.0000  -22.5000 2565.5234    8.0641
   -7.5000  -45.0000  -15.0000 2767.6897    6.7875
    0.0000  -45.0000  -15.0000 2805.2727    6.6653
    7.5000  -45.0000  -15.0000 2809.6323    6.6342
   -7.5000  -37.5000  -15.0000 2798.0823    6.6295
    0.0000  -37.5000  -15.0000 2840.1592    6.5165
    7.5000  -37.5000  -15.0000 2841.0623    6.4856
   -7.5000  -30.0000  -15.0000 2814.3083    6.4829
    0.0000  -30.0000  -15.0000 2856.8528    6.3685
    7.5000  -30.0000  -15.0000 2858.0327    6.3437
   -7.5000  -22.5000  -15.0000 2828.3440    6.3444
    0.0000  -22.5000  -15.0000 2870.8308    6.2312
    7.5000  -22.5000  -15.0000 2868.4446    6.2186
   -7.5000  -15.0000  -15.0000 2844.8279    6.2367
    0.0000  -15.0000  -15.0000 2887.5381    6.1261
    7.5000  -15.0000  -15.0000 2884.9854    6.1128
   -7.5000   -7.5000  -15.0000 2858.8801    6.1908
    0.0000   -7.5000  -15.0000 2901.8210    6.0588
    7.5000   -7.5000  -15.0000 2898.5356    6.0605
   -7.5000    0.0000  -15.0000 2863.8484    6.1780
    0.0000    0.0000  -15.0000 2911.3967    6.0408
    7.5000    0.0000  -15.0000 2898.0908    6.0514
   -7.5000    7.5000  -15.0000 2870.9189    6.2024
    0.0000    7.5000  -15.0000 2911.2759    6.0632
    7.5000    7.5000  -15.0000 2898.5312    6.0897
   -7.5000   15.0000  -15.0000 2867.4482    6.3618
    0.0000   15.0000  -15.0000 2906.4561    6.2445
    7.5000   15.0000  -15.0000 2907.9883    6.2608
   -7.5000   22.5000  -15.0000 2835.8416    6.6149
    0.0000   22.5000  -15.0000 2882.7881    6.4989
    7.5000   22.5000  -15.0000 2883.8699    6.5215
   -7.5000   30.0000  -15.0000 2779.7422    6.9275
    0.0000   30.0000  -15.0000 2825.0474    6.8038
    7.5000   30.0000  -15.0000 2822.5686    6.8314
   -7.5000   37.5000  -15.0000 2702.9968    7.3590
    0.0000   37.5000  -15.0000 2744.2124    7.2135
    7.5000   37.5000  -15.0000 2741.6008    7.2418
   -7.5000   45.0000  -15.0000 2597.3313    7.9203
    0.0000   45.0000  -15.0000 2640.5295    7.7629
    7.5000   45.0000  -15.0000 2639.0972    7.7963
   -7.5000  -45.0000   -7.5000 2787.8442    6.6121
    0.0000  -45.0000   -7.5000 2824.8215    6.4627
    7.5000  -45.0000   -7.5000 2832.7104    6.4357
   -7.5000  -37.5000   -7.5000 2812.3552    6.4538
    0.0000  -37.5000   -7.5000 2854.1226    6.3074
    7.5000  -37.5000   -7.5000 2862.4517    6.2743
   -7.5000  -30.0000   -7.5000 2828.6394    6.3031
    0.0000  -30.0000   -7.5000 2864.1909    6.1523
    7.5000  -30.0000   -7.5000 2870.5242    6.1351
   -7.5000  -22.5000   -7.5000 2843.7109    6.1803
    0.0000  -22.5000   -7.5000 2879.1140    6.0457
    7.5000  -22.5000   -7.5000 2881.4382    6.0235
   -7.5000  -15.0000   -7.5000 2866.4595    6.1110
    0.0000  -15.0000   -7.5000 2895.7158    5.9671
    7.5000  -15.0000   -7.5000 2900.6858    5.9594
   -7.5000   -7.5000   -7.5000 2888.4058    6.1016
    0.0000   -7.5000   -7.5000 2919.2241    5.9362
    7.5000   -7.5000   -7.5000 2920.1042    5.9398
   -7.5000    0.0000   -7.5000 2904.2566    6.0834
    0.0000    0.0000   -7.5000 2936.8416    5.9184
    7.5000    0.0000   -7.5000 2934.5513    5.9479
   -7.5000    7.5000   -7.5000 2905.7688    6.0960
    0.0000    7.5000   -7.5000 2941.1116    5.9208
    7.5000    7.5000   -7.5000 2941.3704    5.9752
   -7.5000   15.0000   -7.5000 2898.4102    6.2064
    0.0000   15.0000   -7.5000 2941.1377    6.0496
    7.5000   15.0000   -7.5000 2947.7170    6.0930
   -7.5000   22.5000   -7.5000 2872.2522    6.4237
    0.0000   22.5000   -7.5000 2915.5156    6.2912
    7.5000   22.5000   -7.5000 2922.4043    6.3142
   -7.5000   30.0000   -7.5000 2815.9734    6.7362
    0.0000   30.0000   -7.5000 2862.6919    6.5958
    7.5000   30.0000   -7.5000 2867.3018    6.6132
   -7.5000   37.5000   -7.5000 2743.1943    7.1629
    0.0000   37.5000   -7.5000 2782.7532    6.9996
    7.5000   37.5000   -7.5000 2786.2703    7.0115
   -7.5000   45.0000   -7.5000 2641.8994    7.7278
    0.0000   45.0000   -7.5000 2680.0315    7.5601
    7.5000   45.0000   -7.5000 2683.8335    7.5668
   -7.5000  -45.0000    0.0000 2796.2212    6.5115
    0.0000  -45.0000    0.0000 2827.4707    6.3158
    7.5000  -45.0000    0.0000 2840.0720    6.2860
   -7.5000  -37.5000    0.0000 2809.6147    6.3574
    0.0000  -37.5000    0.0000 2842.9812    6.1748
    7.5000  -37.5000    0.0000 2857.6011    6.1392
   -7.5000  -30.0000    0.0000 2823.0344    6.2262
    0.0000  -30.0000    0.0000 2847.3452    6.0565
    7.5000  -30.0000    0.0000 2859.5222    6.0257
   -7.5000  -22.5000    0.0000 2841.3064    6.1276
    0.0000  -22.5000    0.0000 2860.1614    5.9777
    7.5000  -22.5000    0.0000 2868.7026    5.9478
   -7.5000  -15.0000    0.0000 2868.1304    6.0949
    0.0000  -15.0000    0.0000 2886.9937    5.9520
    7.5000  -15.0000    0.0000 2897.9070    5.9324
   -7.5000   -7.5000    0.0000 2898.5681    6.1151
    0.0000   -7.5000    0.0000 2927.2427    5.9960
    7.5000   -7.5000    0.0000 2936.6848    5.9751
   -7.5000    0.0000    0.0000 2925.6108    6.1140
    0.0000    0.0000    0.0000 2963.8416    6.0057
    7.5000    0.0000    0.0000 2966.1448    6.0093
   -7.5000    7.5000    0.0000 2928.1497    6.1209
    0.0000    7.5000    0.0000 2970.9526    5.9872
    7.5000    7.5000    0.0000 2974.1472    6.0142
   -7.5000   15.0000    0.0000 2908.5476    6.1770
    0.0000   15.0000    0.0000 2954.0811    6.0285
    7.5000   15.0000    0.0000 2966.3835    6.0539
   -7.5000   22.5000    0.0000 2880.9429    6.3384
    0.0000   22.5000    0.0000 2921.7517    6.1934
    7.5000   22.5000    0.0000 2936.0818    6.1993
   -7.5000   30.0000    0.0000 2830.8281    6.6158
    0.0000   30.0000    0.0000 2870.0491    6.4610
    7.5000   30.0000    0.0000 2880.8369    6.4715
   -7.5000   37.5000    0.0000 2758.4346    7.0458
    0.0000   37.5000    0.0000 2797.5811    6.8785
    7.5000   37.5000    0.0000 2800.9534    6.8752
   -7.5000   45.0000    0.0000 2659.6433    7.6249
    0.0000   45.0000    0.0000 2699.8774    7.4606
    7.5000   45.0000    0.0000 2703.3503    7.4505
   -7.5000  -45.0000    7.5000 2790.8618    6.5252
    0.0000  -45.0000    7.5000 2810.5469    6.2899
    7.5000  -45.0000    7.5000 2822.6104    6.2395
   -7.5000  -37.5000    7.5000 2796.8818    6.4037
    0.0000  -37.5000    7.5000 2816.5466    6.1893
    7.5000  -37.5000    7.5000 2827.4072    6.1454
   -7.5000  -30.0000    7.5000 2806.6682    6.3003
    0.0000  -30.0000    7.5000 2820.5979    6.1191
    7.5000  -30.0000    7.5000 2830.0969    6.0772
   -7.5000  -22.5000    7.5000 2824.9834    6.2328
    0.0000  -22.5000    7.5000 2839.5603    6.0834
    7.5000  -22.5000    7.5000 2847.7615    6.0378
   -7.5000  -15.0000    7.5000 2854.8582    6.1882
    0.0000  -15.0000    7.5000 2876.0696    6.0751
    7.5000  -15.0000    7.5000 2883.9812    6.0379
   -7.5000   -7.5000    7.5000 2890.5598    6.2021
    0.0000   -7.5000    7.5000 2930.2312    6.1303
    7.5000   -7.5000    7.5000 2935.1594    6.0885
   -7.5000    0.0000    7.5000 2921.2722    6.2195
    0.0000    0.0000    7.5000 2973.6257    6.1616
    7.5000    0.0000    7.5000 2973.1438    6.1368
   -7.5000    7.5000    7.5000 2927.2708    6.2079
    0.0000    7.5000    7.5000 2982.7476    6.1106
    7.5000    7.5000    7.5000 2981.7910    6.1063
   -7.5000   15.0000    7.5000 2907.5803    6.2361
    0.0000   15.0000    7.5000 2956.8269    6.0987
    7.5000   15.0000    7.5000 2964.4231    6.0873
   -7.5000   22.5000    7.5000 2875.6743    6.3848
    0.0000   22.5000    7.5000 2921.4573    6.2310
    7.5000   22.5000    7.5000 2935.3499    6.2079
   -7.5000   30.0000    7.5000 2821.0022    6.6769
    0.0000   30.0000    7.5000 2864.8396    6.5197
    7.5000   30.0000    7.5000 2874.8469    6.5028
   -7.5000   37.5000    7.5000 2753.7563    7.0961
    0.0000   37.5000    7.5000 2786.2480    6.9385
    7.5000   37.5000    7.5000 2789.3630    6.9250
   -7.5000   45.0000    7.5000 2657.7107    7.6502
    0.0000   45.0000    7.5000 2693.4526    7.4937
    7.5000   45.0000    7.5000 2696.2715    7.4846
   -7.5000  -45.0000   15.0000 2762.5830    6.6932
    0.0000  -45.0000   15.0000 2774.2581    6.4445
    7.5000  -45.0000   15.0000 2785.8394    6.3850
   -7.5000  -37.5000   15.0000 2769.4561    6.5789
    0.0000  -37.5000   15.0000 2780.1304    6.3575
    7.5000  -37.5000   15.0000 2785.8757    6.3114
   -7.5000  -30.0000   15.0000 2778.3257    6.4893
    0.0000  -30.0000   15.0000 2791.2883    6.3011
    7.5000  -30.0000   15.0000 2800.2429    6.2589
   -7.5000  -22.5000   15.0000 2794.4160    6.4147
    0.0000  -22.5000   15.0000 2814.8809    6.2536
    7.5000  -22.5000   15.0000 2819.7117    6.2163
   -7.5000  -15.0000   15.0000 2817.1550    6.3662
    0.0000  -15.0000   15.0000 2847.3340    6.2378
    7.5000  -15.0000   15.0000 2855.0171    6.2008
   -7.5000   -7.5000   15.0000 2852.6106    6.3635
    0.0000   -7.5000   15.0000 2896.5774    6.2746
    7.5000   -7.5000   15.0000 2899.0391    6.2405
   -7.5000    0.0000   15.0000 2886.2766    6.3644
    0.0000    0.0000   15.0000 2942.6453    6.2931
    7.5000    0.0000   15.0000 2942.7727    6.2716
   -7.5000    7.5000   15.0000 2897.0022    6.3414
    0.0000    7.5000   15.0000 2951.1470    6.2004
    7.5000    7.5000   15.0000 2953.3298    6.1825
   -7.5000   15.0000   15.0000 2879.6479    6.3791
    0.0000   15.0000   15.0000 2930.4739    6.1976
    7.5000   15.0000   15.0000 2932.8843    6.1753
   -7.5000   22.5000   15.0000 2848.0322    6.5526
    0.0000   22.5000   15.0000 2897.1003    6.3847
    7.5000   22.5000   15.0000 2905.7773    6.3596
   -7.5000   30.0000   15.0000 2793.9246    6.8576
    0.0000   30.0000   15.0000 2839.0093    6.7159
    7.5000   30.0000   15.0000 2848.7556    6.6926
   -7.5000   37.5000   15.0000 2719.8801    7.2824
    0.0000   37.5000   15.0000 2751.8687    7.1566
    7.5000   37.5000   15.0000 2756.3462    7.1298
   -7.5000   45.0000   15.0000 2629.4883    7.8321
    0.0000   45.0000   15.0000 2662.2812    7.6897
    7.5000   45.0000   15.0000 2661.8923    7.6765
   -7.5000  -45.0000   22.5000 2723.5059    6.9664
    0.0000  -45.0000   22.5000 2739.3816    6.7223
    7.5000  -45.0000   22.5000 2747.5674    6.6540
   -7.5000  -37.5000   22.5000 2731.2146    6.8382
    0.0000  -37.5000   22.5000 2743.1421    6.6206
    7.5000  -37.5000   22.5000 2748.0588    6.5594
   -7.5000  -30.0000   22.5000 2739.1301    6.7235
    0.0000  -30.0000   22.5000 2755.8689    6.5361
    7.5000  -30.0000   22.5000 2759.4209    6.4901
   -7.5000  -22.5000   22.5000 2757.5605    6.6348
    0.0000  -22.5000   22.5000 2776.6978    6.4802
    7.5000  -22.5000   22.5000 2779.1111    6.4470
   -7.5000  -15.0000   22.5000 2777.3308    6.5755
    0.0000  -15.0000   22.5000 2809.0630    6.4484
    7.5000  -15.0000   22.5000 2811.6812    6.4128
   -7.5000   -7.5000   22.5000 2810.7285    6.5736
    0.0000   -7.5000   22.5000 2851.6218    6.4614
    7.5000   -7.5000   22.5000 2851.0391    6.4253
   -7.5000    0.0000   22.5000 2839.1475    6.5623
    0.0000    0.0000   22.5000 2888.9172    6.4366
    7.5000    0.0000   22.5000 2885.5437    6.3911
   -7.5000    7.5000   22.5000 2850.7109    6.5367
    0.0000    7.5000   22.5000 2897.3616    6.3608
    7.5000    7.5000   22.5000 2896.3098    6.3159
   -7.5000   15.0000   22.5000 2837.2947    6.6080
    0.0000   15.0000   22.5000 2884.4136    6.4166
    7.5000   15.0000   22.5000 2884.3430    6.3655
   -7.5000   22.5000   22.5000 2805.7349    6.7896
    0.0000   22.5000   22.5000 2857.3289    6.6307
    7.5000   22.5000   22.5000 2859.6382    6.5975
   -7.5000   30.0000   22.5000 2751.7844    7.1053
    0.0000   30.0000   22.5000 2800.6201    6.9747
    7.5000   30.0000   22.5000 2806.9753    6.9412
   -7.5000   37.5000   22.5000 2670.5371    7.5376
    0.0000   37.5000   22.5000 2710.6526    7.4063
    7.5000   37.5000   22.5000 2716.1516    7.3831
   -7.5000   45.0000   22.5000 2580.7791    8.0925
    0.0000   45.0000   22.5000 2621.9922    7.9556
    7.5000   45.0000   22.5000 2620.2498    7.9352
   -7.5000  -45.0000   30.0000 2671.9346    7.2750
    0.0000  -45.0000   30.0000 2694.5386    7.0353
    7.5000  -45.0000   30.0000 2701.2961    6.9371
   -7.5000  -37.5000   30.0000 2678.4517    7.1142
    0.0000  -37.5000   30.0000 2698.6519    6.8989
    7.5000  -37.5000   30.0000 2699.7795    6.8284
   -7.5000  -30.0000   30.0000 2688.4966    6.9911
    0.0000  -30.0000   30.0000 2711.6006    6.8077
    7.5000  -30.0000   30.0000 2712.1123    6.7376
   -7.5000  -22.5000   30.0000 2704.0842    6.8963
    0.0000  -22.5000   30.0000 2729.9050    6.7249
    7.5000  -22.5000   30.0000 2730.1858    6.6756
   -7.5000  -15.0000   30.0000 2725.9983    6.8350
    0.0000  -15.0000   30.0000 2759.1328    6.6815
    7.5000  -15.0000   30.0000 2757.6433    6.6275
   -7.5000   -7.5000   30.0000 2752.4641    6.8088
    0.0000   -7.5000   30.0000 2792.5828    6.6681
    7.5000   -7.5000   30.0000 2791.1763    6.6145
   -7.5000    0.0000   30.0000 2771.7351    6.7924
    0.0000    0.0000   30.0000 2815.6680    6.6220
    7.5000    0.0000   30.0000 2814.3752    6.5572
   -7.5000    7.5000   30.0000 2784.1396    6.8063
    0.0000    7.5000   30.0000 2828.8499    6.5903
    7.5000    7.5000   30.0000 2823.9119    6.5163
   -7.5000   15.0000   30.0000 2774.4431    6.8971
    0.0000   15.0000   30.0000 2820.9885    6.7006
    7.5000   15.0000   30.0000 2819.6716    6.6453
   -7.5000   22.5000   30.0000 2741.1768    7.0974
    0.0000   22.5000   30.0000 2792.5410    6.9357
    7.5000   22.5000   30.0000 2798.1453    6.9045
   -7.5000   30.0000   30.0000 2691.4514    7.4225
    0.0000   30.0000   30.0000 2734.5132    7.2860
    7.5000   30.0000   30.0000 2742.8694    7.2535
   -7.5000   37.5000   30.0000 2614.9128    7.8589
    0.0000   37.5000   30.0000 2656.9551    7.7288
    7.5000   37.5000   30.0000 2661.2180    7.6956
   -7.5000   45.0000   30.0000 2525.2703    8.4294
    0.0000   45.0000   30.0000 2562.2830    8.2875
    7.5000   45.0000   30.0000 2566.3643    8.2688
   -7.5000  -45.0000   37.5000 2620.8311    7.6051
    0.0000  -45.0000   37.5000 2646.0735    7.3407
    7.5000  -45.0000   37.5000 2649.8215    7.1975
   -7.5000  -37.5000   37.5000 2629.2568    7.4392
    0.0000  -37.5000   37.5000 2648.8789    7.2015
    7.5000  -37.5000   37.5000 2648.4312    7.0869
   -7.5000  -30.0000   37.5000 2638.5771    7.3039
    0.0000  -30.0000   37.5000 2658.5183    7.0938
    7.5000  -30.0000   37.5000 2661.0442    6.9899
   -7.5000  -22.5000   37.5000 2653.3564    7.1987
    0.0000  -22.5000   37.5000 2678.1099    7.0088
    7.5000  -22.5000   37.5000 2682.2610    6.9249
   -7.5000  -15.0000   37.5000 2666.4204    7.1200
    0.0000  -15.0000   37.5000 2701.8967    6.9404
    7.5000  -15.0000   37.5000 2702.8572    6.8648
   -7.5000   -7.5000   37.5000 2686.7214    7.0952
    0.0000   -7.5000   37.5000 2727.7688    6.9147
    7.5000   -7.5000   37.5000 2730.0408    6.8344
   -7.5000    0.0000   37.5000 2702.9561    7.0832
    0.0000    0.0000   37.5000 2744.5000    6.8791
    7.5000    0.0000   37.5000 2745.2664    6.7943
   -7.5000    7.5000   37.5000 2709.7725    7.1132
    0.0000    7.5000   37.5000 2756.0115    6.8863
    7.5000    7.5000   37.5000 2752.4158    6.8102
   -7.5000   15.0000   37.5000 2700.6064    7.2426
    0.0000   15.0000   37.5000 2743.9465    7.0587
    7.5000   15.0000   37.5000 2746.0796    6.9968
   -7.5000   22.5000   37.5000 2671.7444    7.4683
    0.0000   22.5000   37.5000 2715.7896    7.3196
    7.5000   22.5000   37.5000 2722.6904    7.2714
   -7.5000   30.0000   37.5000 2621.0435    7.7999
    0.0000   30.0000   37.5000 2665.0933    7.6566
    7.5000   30.0000   37.5000 2673.0198    7.6158
   -7.5000   37.5000   37.5000 2548.6958    8.2437
    0.0000   37.5000   37.5000 2588.4585    8.0925
    7.5000   37.5000   37.5000 2596.6763    8.0742
   -7.5000   45.0000   37.5000 2457.1538    8.8024
    0.0000   45.0000   37.5000 2494.2607    8.6578
    7.5000   45.0000   37.5000 2498.5159    8.6466
   -7.5000  -45.0000   45.0000 2554.9744    8.0041
    0.0000  -45.0000   45.0000 2582.5701    7.7121
    7.5000  -45.0000   45.0000 2584.7795    7.5100
   -7.5000  -37.5000   45.0000 2566.7646    7.8369
    0.0000  -37.5000   45.0000 2589.3550    7.5640
    7.5000  -37.5000   45.0000 2590.4810    7.4041
   -7.5000  -30.0000   45.0000 2574.1936    7.6799
    0.0000  -30.0000   45.0000 2598.4880    7.4345
    7.5000  -30.0000   45.0000 2602.1904    7.3068
   -7.5000  -22.5000   45.0000 2587.0168    7.5656
    0.0000  -22.5000   45.0000 2613.7097    7.3477
    7.5000  -22.5000   45.0000 2617.9746    7.2183
   -7.5000  -15.0000   45.0000 2596.0322    7.5009
    0.0000  -15.0000   45.0000 2630.8083    7.2823
    7.5000  -15.0000   45.0000 2638.6267    7.1742
   -7.5000   -7.5000   45.0000 2609.0852    7.4604
    0.0000   -7.5000   45.0000 2651.2693    7.2481
    7.5000   -7.5000   45.0000 2661.0754    7.1478
   -7.5000    0.0000   45.0000 2620.9128    7.4630
    0.0000    0.0000   45.0000 2661.7314    7.2208
    7.5000    0.0000   45.0000 2667.9578    7.1402
   -7.5000    7.5000   45.0000 2624.1396    7.5162
    0.0000    7.5000   45.0000 2670.0642    7.2807
    7.5000    7.5000   45.0000 2668.9761    7.2114
   -7.5000   15.0000   45.0000 2614.3206    7.6750
    0.0000   15.0000   45.0000 2657.9089    7.4909
    7.5000   15.0000   45.0000 2661.8762    7.4092
   -7.5000   22.5000   45.0000 2586.7075    7.9286
    0.0000   22.5000   45.0000 2631.2905    7.7728
    7.5000   22.5000   45.0000 2635.7791    7.7083
   -7.5000   30.0000   45.0000 2537.7515    8.2609
    0.0000   30.0000   45.0000 2580.2729    8.1163
    7.5000   30.0000   45.0000 2589.8535    8.0528
   -7.5000   37.5000   45.0000 2467.5754    8.7041
    0.0000   37.5000   45.0000 2506.2969    8.5553
    7.5000   37.5000   45.0000 2520.1111    8.5102
   -7.5000   45.0000   45.0000 2380.1653    9.2745
    0.0000   45.0000   45.0000 2415.4685    9.1360
    7.5000   45.0000   45.0000 2420.8296    9.0990

---------------------------------------------------------------------
imgreg_4dfp /scratch/MPI-LEMON/freesurfer/average/711-2C_as_mni_average_305 /scratch/MPI-LEMON/freesurfer/average/711-2B_as_mni_average_305_mask talsrcimg_g11 none talsrcimg_to_711-2C_as_mni_average_305_t4 1283
---------------------------------------------------------------------

freesurfer imgreg_4dfp.c
/scratch/MPI-LEMON/freesurfer/average/711-2C_as_mni_average_305.4dfp.img
       256       256       256         1
  1.000000  1.000000  1.000000
orientation T byte_order littleendian
Reading image: /scratch/MPI-LEMON/freesurfer/average/711-2C_as_mni_average_305.4dfp.img
dimensions:      256       256       256
mmppix:       1.0000   -1.0000   -1.0000
center:     128.0000 -129.0000 -129.0000
/scratch/MPI-LEMON/freesurfer/average/711-2B_as_mni_average_305_mask.4dfp.img
       256       256       256         1
  1.000000  1.000000  1.000000
orientation T byte_order littleendian
Reading mask: /scratch/MPI-LEMON/freesurfer/average/711-2B_as_mni_average_305_mask.4dfp.img (2306576 pixels)
talsrcimg_g11.4dfp.img
       256       256       256         1
  1.000000  1.000000  1.000000
orientation T byte_order littleendian
Reading image: talsrcimg_g11.4dfp.img
dimensions:      256       256       256
mmppix:       1.0000   -1.0000   -1.0000
center:     128.0000 -129.0000 -129.0000
rotation matrix determinant  1.000000
fimgreg.f
image alignment mode   1283 decimal      503 hex
parameters
    0.0000    7.5000    7.5000    0.0000    0.0000    0.0000
eta,q 0.93645  6.11851
niter,ni,del,rscale     5    3   12.0000    1.2000
parameter  1 -0.848005 -> -0.500000 qaram    1.1500
parameter  4  2.097591 ->  0.500000 qaram    1.1500
parameters
    3.4500    6.9673    6.5522   -3.4500   -2.5206    0.2972
eta,q 0.94684  6.14853
  0.0834  0.0656  0.0630  0.0517  0.0545  0.0594
  0.0764  0.0613  0.0603  0.0535  0.0533  0.0563
  0.0689  0.0589  0.0584  0.0558  0.0533  0.0542
  0.0628  0.0583  0.0586  0.0582  0.0541  0.0532
  0.0598  0.0596  0.0604  0.0603  0.0556  0.0536
  0.0583  0.0637  0.0631  0.0640  0.0587  0.0556
  0.0583  0.0687  0.0665  0.0681  0.0644  0.0584
niter,ni,del,rscale     6    3   12.0000    1.2000
parameter  4  3.269205 ->  0.500000 qaram    1.3225
parameters
    4.1863    6.9120    5.4764   -7.4175   -2.5359    0.7988
eta,q 0.95107  6.13251
  0.0722  0.0615  0.0582  0.0481  0.0556  0.0556
  0.0631  0.0578  0.0556  0.0484  0.0522  0.0529
  0.0554  0.0542  0.0538  0.0514  0.0504  0.0507
  0.0532  0.0532  0.0532  0.0533  0.0490  0.0490
  0.0540  0.0555  0.0550  0.0562  0.0497  0.0495
  0.0583  0.0580  0.0590  0.0588  0.0520  0.0513
  0.0654  0.0614  0.0644  0.0610  0.0560  0.0542
niter,ni,del,rscale     6    3   12.0000    1.2000
parameters
    4.2849    7.5206    4.5680  -10.6341   -2.5954    0.5174
eta,q 0.95301  6.11727
  0.0684  0.0607  0.0562  0.0510  0.0546  0.0530
  0.0577  0.0539  0.0517  0.0486  0.0515  0.0500
  0.0507  0.0500  0.0490  0.0468  0.0487  0.0476
  0.0489  0.0490  0.0494  0.0488  0.0470  0.0470
  0.0520  0.0515  0.0523  0.0529  0.0486  0.0479
  0.0580  0.0543  0.0561  0.0560  0.0514  0.0507
  0.0662  0.0547  0.0604  0.0588  0.0551  0.0544
niter,ni,del,rscale     5    3   12.0000    1.2000
parameters
    4.5359    9.3128    4.0080  -13.5524   -3.2093    0.6920
eta,q 0.95427  6.11807
  0.0662  0.0613  0.0548  0.0491  0.0520  0.0508
  0.0559  0.0549  0.0506  0.0471  0.0486  0.0482
  0.0489  0.0498  0.0471  0.0459  0.0464  0.0465
  0.0470  0.0471  0.0466  0.0464  0.0459  0.0458
  0.0496  0.0467  0.0495  0.0503  0.0481  0.0460
  0.0547  0.0484  0.0531  0.0540  0.0508  0.0475
  0.0629  0.0505  0.0576  0.0573  0.0543  0.0505
niter,ni,del,rscale     4    3   12.0000    1.2000
parameters
    4.6199   11.9698    3.3176  -15.7040   -3.6081    0.8847
eta,q 0.95666  6.08739
  0.0638  0.0587  0.0516  0.0481  0.0500  0.0495
  0.0540  0.0538  0.0484  0.0454  0.0459  0.0461
  0.0472  0.0494  0.0457  0.0433  0.0439  0.0439
  0.0457  0.0457  0.0440  0.0444  0.0432  0.0433
  0.0472  0.0439  0.0454  0.0472  0.0445  0.0442
  0.0529  0.0449  0.0509  0.0514  0.0478  0.0457
  0.0632  0.0471  0.0575  0.0538  0.0517  0.0486
niter,ni,del,rscale     3    3   12.0000    1.2000
parameters
    4.5467   12.2964    3.0360  -15.9959   -3.7504    1.0132
eta,q 0.95639  6.07761
  0.0626  0.0534  0.0505  0.0505  0.0507  0.0497
  0.0517  0.0497  0.0476  0.0476  0.0464  0.0464
  0.0447  0.0455  0.0452  0.0449  0.0442  0.0442
  0.0433  0.0433  0.0434  0.0436  0.0436  0.0436
  0.0454  0.0446  0.0436  0.0453  0.0443  0.0444
  0.0531  0.0472  0.0473  0.0482  0.0473  0.0460
  0.0628  0.0523  0.0537  0.0516  0.0511  0.0491
niter,ni,del,rscale     2    3   12.0000    1.2000
parameters
    4.5120   12.3601    2.9800  -16.0741   -3.7947    1.0392
eta,q 0.95633  6.07558
  0.0630  0.0530  0.0509  0.0509  0.0509  0.0496
  0.0520  0.0493  0.0478  0.0478  0.0467  0.0463
  0.0448  0.0451  0.0453  0.0453  0.0442  0.0442
  0.0436  0.0436  0.0436  0.0437  0.0437  0.0437
  0.0456  0.0450  0.0435  0.0452  0.0443  0.0445
  0.0531  0.0479  0.0467  0.0479  0.0471  0.0462
  0.0626  0.0534  0.0527  0.0513  0.0510  0.0494
niter,ni,del,rscale     1    3   12.0000    1.2000
parameters
    4.5029   12.3779    2.9653  -16.0921   -3.8055    1.0455
eta,q 0.95632  6.07496
  0.0632  0.0529  0.0510  0.0509  0.0510  0.0496
  0.0521  0.0492  0.0478  0.0479  0.0468  0.0463
  0.0449  0.0451  0.0453  0.0454  0.0442  0.0442
  0.0437  0.0437  0.0437  0.0437  0.0437  0.0437
  0.0456  0.0451  0.0435  0.0451  0.0443  0.0445
  0.0530  0.0480  0.0466  0.0478  0.0471  0.0462
  0.0625  0.0536  0.0525  0.0511  0.0509  0.0495
registration optimization eta report
parameter search radius
    6.9000    6.0000    6.0000    7.9350    6.0000    6.0000
100000*second partial in parameter space
       41.       26.       23.       11.       21.       16.
  0.0632  0.0529  0.0510  0.0509  0.0510  0.0496
  0.0521  0.0492  0.0478  0.0479  0.0468  0.0463
  0.0449  0.0451  0.0453  0.0454  0.0442  0.0442
  0.0437  0.0437  0.0437  0.0437  0.0437  0.0437
  0.0456  0.0451  0.0435  0.0451  0.0443  0.0445
  0.0530  0.0480  0.0466  0.0478  0.0471  0.0462
  0.0625  0.0536  0.0525  0.0511  0.0509  0.0495
    4.5029   12.3779    2.9653  -16.0921   -3.8055    1.0455
eta,q 0.95632  6.07496

---------------------------------------------------------------------
imgreg_4dfp /scratch/MPI-LEMON/freesurfer/average/711-2C_as_mni_average_305 /scratch/MPI-LEMON/freesurfer/average/711-2B_as_mni_average_305_mask talsrcimg_g11 none talsrcimg_to_711-2C_as_mni_average_305_t4 3335
---------------------------------------------------------------------

freesurfer imgreg_4dfp.c
/scratch/MPI-LEMON/freesurfer/average/711-2C_as_mni_average_305.4dfp.img
       256       256       256         1
  1.000000  1.000000  1.000000
orientation T byte_order littleendian
Reading image: /scratch/MPI-LEMON/freesurfer/average/711-2C_as_mni_average_305.4dfp.img
dimensions:      256       256       256
mmppix:       1.0000   -1.0000   -1.0000
center:     128.0000 -129.0000 -129.0000
/scratch/MPI-LEMON/freesurfer/average/711-2B_as_mni_average_305_mask.4dfp.img
       256       256       256         1
  1.000000  1.000000  1.000000
orientation T byte_order littleendian
Reading mask: /scratch/MPI-LEMON/freesurfer/average/711-2B_as_mni_average_305_mask.4dfp.img (2306576 pixels)
talsrcimg_g11.4dfp.img
       256       256       256         1
  1.000000  1.000000  1.000000
orientation T byte_order littleendian
Reading image: talsrcimg_g11.4dfp.img
dimensions:      256       256       256
mmppix:       1.0000   -1.0000   -1.0000
center:     128.0000 -129.0000 -129.0000
fimgreg.f
image alignment mode   3335 decimal      D07 hex
parameters
    4.5029   12.3779    2.9653   -0.2371   -3.9678   -4.1301
   -3.5925    5.8701    1.8206   27.8300   -6.6369  -27.6572
eta,q 0.95920  6.03310
niter,ni,del,rscale     5    3    5.0000    1.2000
parameter  4  3.599319 ->  0.500000 qaram    1.1500
parameter  5  7.103214 ->  0.500000 qaram    1.1500
parameter  6  0.599435 ->  0.500000 qaram    1.1500
parameter 12 -0.839346 -> -0.500000 qaram    1.1500
parameters
    4.4766   12.3885    2.9472   -4.3771   -8.1078   -8.2701
   -3.6277    6.0589    0.8290   25.9669   -5.0693  -23.5172
eta,q 0.97114  6.04831
  0.0438  0.0428  0.0426  0.0330  0.0293  0.0306  0.0333  0.0354  0.0316  0.0317  0.0316  0.0341
  0.0421  0.0417  0.0417  0.0349  0.0309  0.0302  0.0316  0.0328  0.0308  0.0305  0.0308  0.0325
  0.0411  0.0411  0.0410  0.0375  0.0331  0.0305  0.0306  0.0309  0.0303  0.0299  0.0302  0.0310
  0.0408  0.0408  0.0408  0.0408  0.0355  0.0315  0.0302  0.0302  0.0302  0.0302  0.0299  0.0299
  0.0412  0.0410  0.0410  0.0444  0.0382  0.0333  0.0306  0.0308  0.0306  0.0311  0.0299  0.0291
  0.0422  0.0417  0.0417  0.0478  0.0406  0.0361  0.0317  0.0324  0.0315  0.0326  0.0301  0.0288
  0.0439  0.0428  0.0427  0.0512  0.0428  0.0399  0.0334  0.0350  0.0327  0.0345  0.0306  0.0289
niter,ni,del,rscale     7    3    5.0000    1.2000
parameter  4  0.875455 ->  0.500000 qaram    1.3225
parameters
    4.4188   12.2449    3.2282   -9.1381  -12.2169   -7.0458
   -2.8949    5.9245    1.3017   25.1977   -6.2293  -22.0942
eta,q 0.97549  6.03813
  0.0326  0.0313  0.0312  0.0260  0.0265  0.0291  0.0290  0.0293  0.0276  0.0272  0.0254  0.0275
  0.0305  0.0299  0.0300  0.0260  0.0251  0.0271  0.0269  0.0268  0.0261  0.0255  0.0249  0.0260
  0.0292  0.0291  0.0292  0.0269  0.0249  0.0256  0.0254  0.0252  0.0251  0.0247  0.0246  0.0250
  0.0289  0.0289  0.0289  0.0288  0.0261  0.0248  0.0247  0.0247  0.0247  0.0247  0.0246  0.0246
  0.0294  0.0293  0.0289  0.0318  0.0283  0.0248  0.0249  0.0253  0.0248  0.0254  0.0249  0.0246
  0.0308  0.0303  0.0294  0.0357  0.0311  0.0256  0.0259  0.0270  0.0256  0.0266  0.0254  0.0251
  0.0330  0.0320  0.0303  0.0397  0.0340  0.0273  0.0276  0.0296  0.0269  0.0284  0.0262  0.0259
niter,ni,del,rscale     7    3    5.0000    1.2000
parameters
    4.4031   12.8223    3.4845  -10.9943  -12.4374   -6.9236
   -3.1130    5.9545    1.4442   25.0396   -6.4718  -22.4106
eta,q 0.97584  6.02117
  0.0285  0.0291  0.0266  0.0277  0.0289  0.0277  0.0275  0.0288  0.0269  0.0274  0.0253  0.0261
  0.0263  0.0270  0.0255  0.0256  0.0266  0.0259  0.0257  0.0263  0.0255  0.0254  0.0247  0.0249
  0.0249  0.0254  0.0247  0.0244  0.0248  0.0246  0.0245  0.0247  0.0245  0.0244  0.0243  0.0243
  0.0245  0.0245  0.0243  0.0243  0.0242  0.0242  0.0242  0.0242  0.0242  0.0242  0.0242  0.0242
  0.0250  0.0243  0.0244  0.0256  0.0250  0.0245  0.0247  0.0248  0.0244  0.0247  0.0243  0.0245
  0.0264  0.0249  0.0249  0.0284  0.0269  0.0256  0.0260  0.0262  0.0253  0.0258  0.0248  0.0253
  0.0285  0.0262  0.0258  0.0325  0.0295  0.0276  0.0279  0.0287  0.0267  0.0274  0.0255  0.0263
niter,ni,del,rscale     6    3    5.0000    1.2000
parameters
    4.4349   12.9535    3.4530  -11.2226  -12.5584   -6.9792
   -3.2415    5.9966    1.4623   25.1924   -6.5616  -22.5688
eta,q 0.97584  6.01736
  0.0282  0.0277  0.0260  0.0291  0.0290  0.0276  0.0275  0.0287  0.0268  0.0276  0.0254  0.0262
  0.0260  0.0259  0.0250  0.0267  0.0266  0.0258  0.0257  0.0263  0.0254  0.0256  0.0247  0.0250
  0.0246  0.0247  0.0244  0.0249  0.0248  0.0246  0.0245  0.0247  0.0245  0.0244  0.0243  0.0243
  0.0242  0.0242  0.0241  0.0241  0.0242  0.0242  0.0242  0.0242  0.0242  0.0242  0.0242  0.0242
  0.0246  0.0244  0.0244  0.0247  0.0249  0.0246  0.0246  0.0247  0.0245  0.0246  0.0243  0.0245
  0.0259  0.0254  0.0250  0.0266  0.0268  0.0257  0.0259  0.0262  0.0254  0.0257  0.0247  0.0252
  0.0280  0.0270  0.0261  0.0300  0.0293  0.0278  0.0277  0.0286  0.0268  0.0271  0.0254  0.0262
niter,ni,del,rscale     5    3    5.0000    1.2000
parameters
    4.4526   13.0075    3.4287  -11.2317  -12.6130   -7.0086
   -3.2904    6.0121    1.4681   25.2829   -6.5896  -22.6332
eta,q 0.97583  6.01658
  0.0282  0.0275  0.0260  0.0292  0.0291  0.0276  0.0276  0.0287  0.0268  0.0276  0.0254  0.0262
  0.0260  0.0257  0.0250  0.0268  0.0267  0.0258  0.0257  0.0262  0.0254  0.0256  0.0247  0.0250
  0.0246  0.0246  0.0244  0.0250  0.0248  0.0246  0.0246  0.0247  0.0245  0.0244  0.0243  0.0243
  0.0242  0.0242  0.0242  0.0242  0.0242  0.0242  0.0242  0.0242  0.0242  0.0242  0.0242  0.0242
  0.0246  0.0245  0.0244  0.0246  0.0249  0.0246  0.0246  0.0247  0.0245  0.0246  0.0243  0.0244
  0.0259  0.0255  0.0250  0.0264  0.0268  0.0257  0.0258  0.0262  0.0254  0.0257  0.0247  0.0252
  0.0280  0.0272  0.0261  0.0297  0.0292  0.0277  0.0277  0.0286  0.0268  0.0272  0.0254  0.0262
niter,ni,del,rscale     4    3    5.0000    1.2000
parameters
    4.4576   13.0270    3.4192  -11.2275  -12.6363   -7.0160
   -3.3013    6.0170    1.4692   25.3169   -6.6002  -22.6558
eta,q 0.97583  6.01641
  0.0281  0.0274  0.0260  0.0293  0.0291  0.0276  0.0276  0.0287  0.0268  0.0275  0.0254  0.0263
  0.0259  0.0257  0.0250  0.0268  0.0267  0.0258  0.0258  0.0262  0.0254  0.0255  0.0247  0.0250
  0.0246  0.0246  0.0244  0.0250  0.0249  0.0246  0.0246  0.0247  0.0245  0.0244  0.0243  0.0243
  0.0242  0.0242  0.0242  0.0242  0.0242  0.0242  0.0242  0.0242  0.0242  0.0242  0.0242  0.0242
  0.0246  0.0245  0.0244  0.0246  0.0249  0.0246  0.0246  0.0248  0.0245  0.0246  0.0243  0.0244
  0.0260  0.0256  0.0250  0.0264  0.0267  0.0257  0.0258  0.0262  0.0254  0.0257  0.0247  0.0252
  0.0281  0.0273  0.0261  0.0297  0.0292  0.0277  0.0276  0.0286  0.0268  0.0272  0.0254  0.0262
registration optimization eta report
parameter search radius
    2.4000    2.4000    2.4000    9.5220    8.2800    8.2800
    7.2000    7.2000    7.2000    7.2000    7.2000    8.2800
100000*second partial in parameter space
       68.       55.       32.        6.        7.        5.
        7.        9.        5.        6.        2.        3.
  0.0281  0.0274  0.0260  0.0293  0.0291  0.0276  0.0276  0.0287  0.0268  0.0275  0.0254  0.0263
  0.0259  0.0257  0.0250  0.0268  0.0267  0.0258  0.0258  0.0262  0.0254  0.0255  0.0247  0.0250
  0.0246  0.0246  0.0244  0.0250  0.0249  0.0246  0.0246  0.0247  0.0245  0.0244  0.0243  0.0243
  0.0242  0.0242  0.0242  0.0242  0.0242  0.0242  0.0242  0.0242  0.0242  0.0242  0.0242  0.0242
  0.0246  0.0245  0.0244  0.0246  0.0249  0.0246  0.0246  0.0248  0.0245  0.0246  0.0243  0.0244
  0.0260  0.0256  0.0250  0.0264  0.0267  0.0257  0.0258  0.0262  0.0254  0.0257  0.0247  0.0252
  0.0281  0.0273  0.0261  0.0297  0.0292  0.0277  0.0276  0.0286  0.0268  0.0272  0.0254  0.0262
    4.4576   13.0270    3.4192  -11.2275  -12.6363   -7.0160
   -3.3013    6.0170    1.4692   25.3169   -6.6002  -22.6558
eta,q 0.97583  6.01641

---------------------------------------------------------------------
imgreg_4dfp /scratch/MPI-LEMON/freesurfer/average/711-2C_as_mni_average_305 /scratch/MPI-LEMON/freesurfer/average/711-2B_as_mni_average_305_mask talsrcimg_g11 none talsrcimg_to_711-2C_as_mni_average_305_t4 2311
---------------------------------------------------------------------

freesurfer imgreg_4dfp.c
/scratch/MPI-LEMON/freesurfer/average/711-2C_as_mni_average_305.4dfp.img
       256       256       256         1
  1.000000  1.000000  1.000000
orientation T byte_order littleendian
Reading image: /scratch/MPI-LEMON/freesurfer/average/711-2C_as_mni_average_305.4dfp.img
dimensions:      256       256       256
mmppix:       1.0000   -1.0000   -1.0000
center:     128.0000 -129.0000 -129.0000
/scratch/MPI-LEMON/freesurfer/average/711-2B_as_mni_average_305_mask.4dfp.img
       256       256       256         1
  1.000000  1.000000  1.000000
orientation T byte_order littleendian
Reading mask: /scratch/MPI-LEMON/freesurfer/average/711-2B_as_mni_average_305_mask.4dfp.img (2306576 pixels)
talsrcimg_g11.4dfp.img
       256       256       256         1
  1.000000  1.000000  1.000000
orientation T byte_order littleendian
Reading image: talsrcimg_g11.4dfp.img
dimensions:      256       256       256
mmppix:       1.0000   -1.0000   -1.0000
center:     128.0000 -129.0000 -129.0000
fimgreg.f
image alignment mode   2311 decimal      907 hex
parameters
    4.4576   13.0270    3.4192  -11.2275  -12.6363   -7.0160
   -3.3013    6.0170    1.4692   25.3169   -6.6002  -22.6558
eta,q 0.97583  6.01641
niter,ni,del,rscale     5    3    5.0000    0.8000
parameters
    4.4504   13.0418    3.4298  -10.7410  -12.7054   -6.9767
   -3.3025    5.9883    1.4591   25.1143   -6.5298  -22.7408
eta,q 0.97587  6.02056
  0.0259  0.0256  0.0250  0.0259  0.0261  0.0254  0.0258  0.0262  0.0254  0.0255  0.0247  0.0248
  0.0249  0.0248  0.0246  0.0250  0.0250  0.0247  0.0249  0.0251  0.0247  0.0247  0.0244  0.0244
  0.0244  0.0243  0.0243  0.0245  0.0244  0.0243  0.0243  0.0243  0.0243  0.0242  0.0242  0.0242
  0.0242  0.0242  0.0242  0.0242  0.0241  0.0241  0.0241  0.0241  0.0241  0.0241  0.0241  0.0241
  0.0244  0.0243  0.0243  0.0242  0.0244  0.0243  0.0243  0.0244  0.0243  0.0244  0.0242  0.0242
  0.0250  0.0248  0.0245  0.0246  0.0251  0.0247  0.0249  0.0251  0.0247  0.0249  0.0244  0.0244
  0.0260  0.0256  0.0250  0.0253  0.0262  0.0253  0.0258  0.0262  0.0254  0.0257  0.0247  0.0248
niter,ni,del,rscale     4    3    5.0000    0.7000
parameters
    4.4448   13.0152    3.4737  -10.6991  -12.7054   -6.9430
   -3.2812    5.9681    1.4377   25.0439   -6.5283  -22.7157
eta,q 0.97587  6.02141
  0.0255  0.0252  0.0248  0.0253  0.0257  0.0251  0.0254  0.0258  0.0251  0.0253  0.0246  0.0247
  0.0247  0.0246  0.0245  0.0247  0.0249  0.0246  0.0247  0.0248  0.0245  0.0246  0.0243  0.0244
  0.0243  0.0242  0.0242  0.0243  0.0243  0.0242  0.0243  0.0243  0.0242  0.0242  0.0242  0.0242
  0.0241  0.0241  0.0241  0.0241  0.0241  0.0241  0.0241  0.0241  0.0241  0.0241  0.0241  0.0241
  0.0243  0.0243  0.0242  0.0242  0.0243  0.0242  0.0243  0.0243  0.0242  0.0243  0.0242  0.0242
  0.0248  0.0247  0.0244  0.0246  0.0249  0.0245  0.0247  0.0249  0.0246  0.0247  0.0243  0.0243
  0.0255  0.0253  0.0247  0.0253  0.0257  0.0251  0.0254  0.0257  0.0251  0.0253  0.0246  0.0247
niter,ni,del,rscale     3    3    5.0000    0.6000
parameters
    4.4385   13.0090    3.4864  -10.6628  -12.7108   -6.9361
   -3.2597    5.9423    1.4359   24.9936   -6.5065  -22.6887
eta,q 0.97588  6.02155
  0.0251  0.0250  0.0246  0.0250  0.0253  0.0248  0.0251  0.0253  0.0248  0.0249  0.0244  0.0245
  0.0246  0.0245  0.0244  0.0245  0.0247  0.0244  0.0246  0.0246  0.0244  0.0245  0.0243  0.0243
  0.0242  0.0242  0.0242  0.0242  0.0243  0.0242  0.0242  0.0242  0.0242  0.0242  0.0242  0.0242
  0.0241  0.0241  0.0241  0.0241  0.0241  0.0241  0.0241  0.0241  0.0241  0.0241  0.0241  0.0241
  0.0243  0.0242  0.0242  0.0242  0.0243  0.0242  0.0242  0.0243  0.0242  0.0242  0.0242  0.0242
  0.0246  0.0245  0.0243  0.0245  0.0247  0.0244  0.0245  0.0247  0.0244  0.0245  0.0243  0.0243
  0.0252  0.0250  0.0246  0.0250  0.0253  0.0248  0.0251  0.0253  0.0248  0.0250  0.0244  0.0245
niter,ni,del,rscale     2    3    5.0000    0.5000
parameters
    4.4327   13.0047    3.4971  -10.6316  -12.7134   -6.9258
   -3.2469    5.9114    1.4258   24.9445   -6.4770  -22.6287
eta,q 0.97588  6.02160
  0.0248  0.0247  0.0245  0.0247  0.0250  0.0246  0.0248  0.0250  0.0246  0.0247  0.0243  0.0244
  0.0244  0.0244  0.0243  0.0244  0.0245  0.0243  0.0244  0.0245  0.0243  0.0244  0.0242  0.0242
  0.0242  0.0242  0.0242  0.0242  0.0242  0.0242  0.0242  0.0242  0.0242  0.0242  0.0241  0.0242
  0.0241  0.0241  0.0241  0.0241  0.0241  0.0241  0.0241  0.0241  0.0241  0.0241  0.0241  0.0241
  0.0242  0.0242  0.0242  0.0242  0.0242  0.0242  0.0242  0.0242  0.0242  0.0242  0.0241  0.0241
  0.0245  0.0244  0.0243  0.0244  0.0245  0.0243  0.0244  0.0245  0.0243  0.0244  0.0242  0.0242
  0.0248  0.0247  0.0245  0.0247  0.0250  0.0246  0.0248  0.0250  0.0246  0.0247  0.0243  0.0244
niter,ni,del,rscale     1    3    5.0000    0.4000
parameters
    4.4273   13.0022    3.5056  -10.5972  -12.7156   -6.9241
   -3.2174    5.8754    1.4132   24.9010   -6.4581  -22.5977
eta,q 0.97588  6.02159
  0.0246  0.0245  0.0243  0.0245  0.0247  0.0244  0.0246  0.0247  0.0244  0.0245  0.0243  0.0243
  0.0243  0.0243  0.0242  0.0243  0.0244  0.0243  0.0243  0.0244  0.0243  0.0243  0.0242  0.0242
  0.0242  0.0242  0.0241  0.0242  0.0242  0.0242  0.0242  0.0242  0.0241  0.0241  0.0241  0.0241
  0.0241  0.0241  0.0241  0.0241  0.0241  0.0241  0.0241  0.0241  0.0241  0.0241  0.0241  0.0241
  0.0242  0.0242  0.0241  0.0242  0.0242  0.0242  0.0242  0.0242  0.0241  0.0242  0.0241  0.0241
  0.0243  0.0243  0.0242  0.0243  0.0244  0.0243  0.0243  0.0244  0.0243  0.0243  0.0242  0.0242
  0.0246  0.0245  0.0243  0.0245  0.0247  0.0244  0.0245  0.0247  0.0244  0.0245  0.0243  0.0243
registration optimization eta report
parameter search radius
    0.8000    0.8000    0.8000    2.4000    2.4000    2.4000
    2.4000    2.4000    2.4000    2.4000    2.4000    2.4000
100000*second partial in parameter space
       72.       58.       34.        7.        9.        6.
        7.        9.        6.        6.        2.        3.
  0.0246  0.0245  0.0243  0.0245  0.0247  0.0244  0.0246  0.0247  0.0244  0.0245  0.0243  0.0243
  0.0243  0.0243  0.0242  0.0243  0.0244  0.0243  0.0243  0.0244  0.0243  0.0243  0.0242  0.0242
  0.0242  0.0242  0.0241  0.0242  0.0242  0.0242  0.0242  0.0242  0.0241  0.0241  0.0241  0.0241
  0.0241  0.0241  0.0241  0.0241  0.0241  0.0241  0.0241  0.0241  0.0241  0.0241  0.0241  0.0241
  0.0242  0.0242  0.0241  0.0242  0.0242  0.0242  0.0242  0.0242  0.0241  0.0242  0.0241  0.0241
  0.0243  0.0243  0.0242  0.0243  0.0244  0.0243  0.0243  0.0244  0.0243  0.0243  0.0242  0.0242
  0.0246  0.0245  0.0243  0.0245  0.0247  0.0244  0.0245  0.0247  0.0244  0.0245  0.0243  0.0243
    4.4273   13.0022    3.5056  -10.5972  -12.7156   -6.9241
   -3.2174    5.8754    1.4132   24.9010   -6.4581  -22.5977
eta,q 0.97588  6.02159

---------------------------------------------------------------------
imgreg_4dfp /scratch/MPI-LEMON/freesurfer/average/711-2C_as_mni_average_305 /scratch/MPI-LEMON/freesurfer/average/711-2B_as_mni_average_305_mask talsrcimg_g11 none talsrcimg_to_711-2C_as_mni_average_305_t4 2311
---------------------------------------------------------------------

freesurfer imgreg_4dfp.c
/scratch/MPI-LEMON/freesurfer/average/711-2C_as_mni_average_305.4dfp.img
       256       256       256         1
  1.000000  1.000000  1.000000
orientation T byte_order littleendian
Reading image: /scratch/MPI-LEMON/freesurfer/average/711-2C_as_mni_average_305.4dfp.img
dimensions:      256       256       256
mmppix:       1.0000   -1.0000   -1.0000
center:     128.0000 -129.0000 -129.0000
/scratch/MPI-LEMON/freesurfer/average/711-2B_as_mni_average_305_mask.4dfp.img
       256       256       256         1
  1.000000  1.000000  1.000000
orientation T byte_order littleendian
Reading mask: /scratch/MPI-LEMON/freesurfer/average/711-2B_as_mni_average_305_mask.4dfp.img (2306576 pixels)
talsrcimg_g11.4dfp.img
       256       256       256         1
  1.000000  1.000000  1.000000
orientation T byte_order littleendian
Reading image: talsrcimg_g11.4dfp.img
dimensions:      256       256       256
mmppix:       1.0000   -1.0000   -1.0000
center:     128.0000 -129.0000 -129.0000
fimgreg.f
image alignment mode   2311 decimal      907 hex
parameters
    4.4273   13.0022    3.5056  -10.5972  -12.7156   -6.9241
   -3.2174    5.8754    1.4132   24.9010   -6.4581  -22.5977
eta,q 0.97588  6.02160
niter,ni,del,rscale     5    3    5.0000    0.8000
parameters
    4.4295   12.9906    3.4994  -10.7252  -12.6793   -6.9281
   -3.2540    5.9642    1.4378   25.0302   -6.5175  -22.6806
eta,q 0.97587  6.02171
  0.0259  0.0256  0.0250  0.0255  0.0262  0.0254  0.0257  0.0263  0.0254  0.0257  0.0247  0.0248
  0.0249  0.0248  0.0245  0.0248  0.0251  0.0247  0.0249  0.0251  0.0247  0.0248  0.0244  0.0244
  0.0243  0.0243  0.0242  0.0243  0.0244  0.0243  0.0243  0.0244  0.0243  0.0243  0.0242  0.0242
  0.0241  0.0241  0.0241  0.0241  0.0241  0.0241  0.0241  0.0241  0.0241  0.0241  0.0241  0.0241
  0.0243  0.0243  0.0242  0.0243  0.0244  0.0243  0.0243  0.0244  0.0243  0.0243  0.0242  0.0242
  0.0249  0.0248  0.0245  0.0248  0.0250  0.0247  0.0249  0.0250  0.0247  0.0248  0.0244  0.0244
  0.0259  0.0256  0.0250  0.0257  0.0261  0.0254  0.0258  0.0261  0.0253  0.0255  0.0247  0.0248
niter,ni,del,rscale     4    3    5.0000    0.7000
parameters
    4.4386   13.0022    3.4851  -10.6958  -12.6974   -6.9350
   -3.2684    5.9571    1.4384   25.0283   -6.5057  -22.7065
eta,q 0.97588  6.02162
  0.0255  0.0253  0.0248  0.0253  0.0257  0.0251  0.0254  0.0258  0.0251  0.0253  0.0246  0.0246
  0.0248  0.0246  0.0244  0.0247  0.0248  0.0246  0.0247  0.0248  0.0245  0.0246  0.0243  0.0243
  0.0243  0.0243  0.0242  0.0243  0.0243  0.0242  0.0243  0.0243  0.0242  0.0242  0.0242  0.0242
  0.0241  0.0241  0.0241  0.0241  0.0241  0.0241  0.0241  0.0241  0.0241  0.0241  0.0241  0.0241
  0.0243  0.0242  0.0242  0.0242  0.0243  0.0242  0.0243  0.0243  0.0242  0.0243  0.0242  0.0242
  0.0247  0.0246  0.0244  0.0246  0.0249  0.0246  0.0247  0.0249  0.0246  0.0247  0.0243  0.0244
  0.0255  0.0252  0.0248  0.0253  0.0257  0.0251  0.0254  0.0257  0.0251  0.0252  0.0246  0.0247
niter,ni,del,rscale     3    3    5.0000    0.6000
parameters
    4.4383   13.0048    3.4861  -10.6651  -12.7040   -6.9355
   -3.2628    5.9395    1.4312   24.9822   -6.5066  -22.6759
eta,q 0.97588  6.02154
  0.0251  0.0250  0.0246  0.0250  0.0253  0.0248  0.0251  0.0253  0.0248  0.0250  0.0244  0.0245
  0.0246  0.0245  0.0243  0.0245  0.0247  0.0244  0.0246  0.0246  0.0244  0.0245  0.0243  0.0243
  0.0242  0.0242  0.0242  0.0242  0.0243  0.0242  0.0242  0.0242  0.0242  0.0242  0.0242  0.0242
  0.0241  0.0241  0.0241  0.0241  0.0241  0.0241  0.0241  0.0241  0.0241  0.0241  0.0241  0.0241
  0.0242  0.0242  0.0242  0.0242  0.0243  0.0242  0.0242  0.0243  0.0242  0.0242  0.0242  0.0242
  0.0246  0.0245  0.0243  0.0245  0.0247  0.0244  0.0245  0.0247  0.0244  0.0245  0.0243  0.0243
  0.0251  0.0250  0.0246  0.0250  0.0253  0.0248  0.0251  0.0253  0.0248  0.0250  0.0244  0.0245
niter,ni,del,rscale     2    3    5.0000    0.5000
parameters
    4.4335   13.0033    3.4923  -10.6330  -12.7113   -6.9286
   -3.2415    5.9135    1.4302   24.9407   -6.4760  -22.6404
eta,q 0.97588  6.02156
  0.0248  0.0247  0.0245  0.0247  0.0249  0.0246  0.0248  0.0250  0.0246  0.0247  0.0243  0.0244
  0.0244  0.0244  0.0243  0.0244  0.0245  0.0243  0.0244  0.0245  0.0243  0.0244  0.0242  0.0242
  0.0242  0.0242  0.0242  0.0242  0.0242  0.0242  0.0242  0.0242  0.0242  0.0242  0.0241  0.0241
  0.0241  0.0241  0.0241  0.0241  0.0241  0.0241  0.0241  0.0241  0.0241  0.0241  0.0241  0.0241
  0.0242  0.0242  0.0242  0.0242  0.0242  0.0242  0.0242  0.0242  0.0242  0.0242  0.0241  0.0241
  0.0244  0.0244  0.0243  0.0244  0.0245  0.0243  0.0244  0.0245  0.0243  0.0244  0.0242  0.0242
  0.0248  0.0247  0.0245  0.0247  0.0250  0.0246  0.0248  0.0250  0.0246  0.0247  0.0243  0.0244
niter,ni,del,rscale     1    3    5.0000    0.4000
parameters
    4.4274   13.0023    3.5006  -10.5940  -12.7194   -6.9347
   -3.2150    5.8796    1.4171   24.9081   -6.4651  -22.6110
eta,q 0.97588  6.02152
  0.0246  0.0245  0.0243  0.0245  0.0247  0.0244  0.0246  0.0247  0.0244  0.0245  0.0243  0.0243
  0.0243  0.0243  0.0242  0.0243  0.0244  0.0243  0.0243  0.0244  0.0243  0.0243  0.0242  0.0242
  0.0242  0.0242  0.0241  0.0242  0.0242  0.0242  0.0242  0.0242  0.0242  0.0242  0.0241  0.0241
  0.0241  0.0241  0.0241  0.0241  0.0241  0.0241  0.0241  0.0241  0.0241  0.0241  0.0241  0.0241
  0.0242  0.0242  0.0241  0.0242  0.0242  0.0242  0.0242  0.0242  0.0242  0.0242  0.0241  0.0241
  0.0243  0.0243  0.0242  0.0243  0.0244  0.0243  0.0243  0.0244  0.0243  0.0243  0.0242  0.0242
  0.0246  0.0245  0.0243  0.0245  0.0247  0.0244  0.0245  0.0247  0.0244  0.0245  0.0243  0.0243
registration optimization eta report
parameter search radius
    0.8000    0.8000    0.8000    2.4000    2.4000    2.4000
    2.4000    2.4000    2.4000    2.4000    2.4000    2.4000
100000*second partial in parameter space
       71.       58.       34.        7.        9.        6.
        7.        9.        6.        6.        2.        3.
  0.0246  0.0245  0.0243  0.0245  0.0247  0.0244  0.0246  0.0247  0.0244  0.0245  0.0243  0.0243
  0.0243  0.0243  0.0242  0.0243  0.0244  0.0243  0.0243  0.0244  0.0243  0.0243  0.0242  0.0242
  0.0242  0.0242  0.0241  0.0242  0.0242  0.0242  0.0242  0.0242  0.0242  0.0242  0.0241  0.0241
  0.0241  0.0241  0.0241  0.0241  0.0241  0.0241  0.0241  0.0241  0.0241  0.0241  0.0241  0.0241
  0.0242  0.0242  0.0241  0.0242  0.0242  0.0242  0.0242  0.0242  0.0242  0.0242  0.0241  0.0241
  0.0243  0.0243  0.0242  0.0243  0.0244  0.0243  0.0243  0.0244  0.0243  0.0243  0.0242  0.0242
  0.0246  0.0245  0.0243  0.0245  0.0247  0.0244  0.0245  0.0247  0.0244  0.0245  0.0243  0.0243
    4.4274   13.0023    3.5006  -10.5940  -12.7194   -6.9347
   -3.2150    5.8796    1.4171   24.9081   -6.4651  -22.6110
eta,q 0.97588  6.02152

---------------------------------------------------------------------
compute_vox2vox talsrcimg talsrcimg_to_711-2C_as_mni_average_305_t4 /scratch/MPI-LEMON/freesurfer/average/711-2C_as_mni_average_305
---------------------------------------------------------------------

freesurfer compute_vox2vox.c
Reading: talsrcimg.4dfp.ifh
Reading: talsrcimg_to_711-2C_as_mni_average_305_t4
Reading: /scratch/MPI-LEMON/freesurfer/average/711-2C_as_mni_average_305.4dfp.ifh
Writing: talsrcimg_to_711-2C_as_mni_average_305_t4_vox2vox.txt

start time Mon Sep 4 11:31:54 EDT 2023
end		time Mon Sep 4 11:32:27 EDT 2023

mpr2mni305 success

avi2talxfm orig_nu.mgz /scratch/MPI-LEMON/freesurfer/average/mni305.cor.mgz talsrcimg_to_711-2C_as_mni_average_305_t4_vox2vox.txt transforms/talairach.auto.xfm
avi2talxfm done
mv -f /scratch/MPI-LEMON/freesurfer/subjects/sub-032304/mri/talsrcimg_to_711-2C_as_mni_average_305_t4_vox2vox.txt /scratch/MPI-LEMON/freesurfer/subjects/sub-032304/mri/transforms/talsrcimg_to_711-2C_as_mni_average_305_t4_vox2vox.txt
lta_convert --src orig_nu.mgz --trg /scratch/MPI-LEMON/freesurfer/average/mni305.cor.mgz --inxfm transforms/talairach.auto.xfm --outlta transforms/talairach.auto.xfm.lta --subject fsaverage
7.4.1

--src: orig_nu.mgz src image (geometry).
--trg: /scratch/MPI-LEMON/freesurfer/average/mni305.cor.mgz trg image (geometry).
--inmni: transforms/talairach.auto.xfm input MNI/XFM transform.
--outlta: transforms/talairach.auto.xfm.lta output LTA.
--s: fsaverage subject name
 LTA read, type : 1
 1.11266  -0.07599   0.02130  -0.69177;
 0.06818   1.00019   0.26162   1.60883;
-0.03752  -0.28420   1.07072  -2.11542;
 0.00000   0.00000   0.00000   1.00000;
setting subject to fsaverage
Writing  LTA to file transforms/talairach.auto.xfm.lta...
lta_convert successful.
 
 
Started at Mon Sep 4 11:31:51 EDT 2023
Ended   at Mon Sep  4 11:32:28 EDT 2023
talairach_avi done
